<?xml version="1.0" encoding="UTF-8"?>
<testng-results ignored="0" total="33" passed="26" failed="7" skipped="0">
  <reporter-output>
  </reporter-output>
  <suite started-at="2026-06-07T20:21:38 IST" name="SauceDemo Suite" finished-at="2026-06-07T20:26:39 IST" duration-ms="301027">
    <groups>
      <group name="cucumber">
        <method signature="AbstractTestNGCucumberTests.runScenario(io.cucumber.testng.PickleWrapper,io.cucumber.testng.FeatureWrapper)[pri:0, instance:com.saucedemo.automation.runners.TestRunner@c430e6c]" name="runScenario" class="io.cucumber.testng.AbstractTestNGCucumberTests"/>
        <method signature="AbstractTestNGCucumberTests.runScenario(io.cucumber.testng.PickleWrapper,io.cucumber.testng.FeatureWrapper)[pri:0, instance:com.saucedemo.automation.runners.TestRunner@50378a4]" name="runScenario" class="io.cucumber.testng.AbstractTestNGCucumberTests"/>
        <method signature="AbstractTestNGCucumberTests.runScenario(io.cucumber.testng.PickleWrapper,io.cucumber.testng.FeatureWrapper)[pri:0, instance:com.saucedemo.automation.runners.TestRunner@79207381]" name="runScenario" class="io.cucumber.testng.AbstractTestNGCucumberTests"/>
      </group> <!-- cucumber -->
    </groups>
    <test started-at="2026-06-07T20:21:38 IST" name="Edge Test" finished-at="2026-06-07T20:26:38 IST" duration-ms="300028">
      <class name="com.saucedemo.automation.runners.TestRunner">
        <test-method is-config="true" signature="setUpClass(org.testng.ITestContext)[pri:0, instance:com.saucedemo.automation.runners.TestRunner@50378a4]" started-at="2026-06-07T20:21:38 IST" name="setUpClass" finished-at="2026-06-07T20:21:41 IST" duration-ms="2636" status="PASS">
          <params>
            <param index="0">
              <value>
                <![CDATA[org.testng.TestRunner@5852c06f]]>
              </value>
            </param>
          </params>
          <reporter-output>
          </reporter-output>
        </test-method> <!-- setUpClass -->
        <test-method signature="runScenario(io.cucumber.testng.PickleWrapper,io.cucumber.testng.FeatureWrapper)[pri:0, instance:com.saucedemo.automation.runners.TestRunner@50378a4]" started-at="2026-06-07T20:21:41 IST" name="runScenario" description="Runs Cucumber Scenarios" data-provider="scenarios" finished-at="2026-06-07T20:22:19 IST" duration-ms="37915" status="PASS">
          <params>
            <param index="0">
              <value>
                <![CDATA["Verify product is added to cart successfully"]]>
              </value>
            </param>
            <param index="1">
              <value>
                <![CDATA["Cart functionality of SauceDemo Application"]]>
              </value>
            </param>
          </params>
          <reporter-output>
          </reporter-output>
        </test-method> <!-- runScenario -->
        <test-method signature="runScenario(io.cucumber.testng.PickleWrapper,io.cucumber.testng.FeatureWrapper)[pri:0, instance:com.saucedemo.automation.runners.TestRunner@50378a4]" started-at="2026-06-07T20:22:19 IST" name="runScenario" description="Runs Cucumber Scenarios" data-provider="scenarios" finished-at="2026-06-07T20:22:47 IST" duration-ms="28038" status="PASS">
          <params>
            <param index="0">
              <value>
                <![CDATA["Complete product checkout successfully"]]>
              </value>
            </param>
            <param index="1">
              <value>
                <![CDATA["Checkout functionality of SauceDemo Application"]]>
              </value>
            </param>
          </params>
          <reporter-output>
          </reporter-output>
        </test-method> <!-- runScenario -->
        <test-method signature="runScenario(io.cucumber.testng.PickleWrapper,io.cucumber.testng.FeatureWrapper)[pri:0, instance:com.saucedemo.automation.runners.TestRunner@50378a4]" started-at="2026-06-07T20:22:47 IST" name="runScenario" description="Runs Cucumber Scenarios" data-provider="scenarios" finished-at="2026-06-07T20:23:18 IST" duration-ms="31088" status="PASS">
          <params>
            <param index="0">
              <value>
                <![CDATA["Verify login is successful for valid users"]]>
              </value>
            </param>
            <param index="1">
              <value>
                <![CDATA["Login Functionality of SauceDemo Application"]]>
              </value>
            </param>
          </params>
          <reporter-output>
          </reporter-output>
        </test-method> <!-- runScenario -->
        <test-method signature="runScenario(io.cucumber.testng.PickleWrapper,io.cucumber.testng.FeatureWrapper)[pri:0, instance:com.saucedemo.automation.runners.TestRunner@50378a4]" started-at="2026-06-07T20:23:18 IST" name="runScenario" description="Runs Cucumber Scenarios" data-provider="scenarios" finished-at="2026-06-07T20:23:59 IST" duration-ms="40905" status="PASS">
          <params>
            <param index="0">
              <value>
                <![CDATA["Verify login is successful for valid users"]]>
              </value>
            </param>
            <param index="1">
              <value>
                <![CDATA["Login Functionality of SauceDemo Application"]]>
              </value>
            </param>
          </params>
          <reporter-output>
          </reporter-output>
        </test-method> <!-- runScenario -->
        <test-method signature="runScenario(io.cucumber.testng.PickleWrapper,io.cucumber.testng.FeatureWrapper)[pri:0, instance:com.saucedemo.automation.runners.TestRunner@50378a4]" started-at="2026-06-07T20:23:59 IST" name="runScenario" description="Runs Cucumber Scenarios" data-provider="scenarios" finished-at="2026-06-07T20:24:23 IST" duration-ms="24146" status="PASS">
          <params>
            <param index="0">
              <value>
                <![CDATA["Verify login is successful for valid users"]]>
              </value>
            </param>
            <param index="1">
              <value>
                <![CDATA["Login Functionality of SauceDemo Application"]]>
              </value>
            </param>
          </params>
          <reporter-output>
          </reporter-output>
        </test-method> <!-- runScenario -->
        <test-method signature="runScenario(io.cucumber.testng.PickleWrapper,io.cucumber.testng.FeatureWrapper)[pri:0, instance:com.saucedemo.automation.runners.TestRunner@50378a4]" started-at="2026-06-07T20:24:23 IST" name="runScenario" description="Runs Cucumber Scenarios" data-provider="scenarios" finished-at="2026-06-07T20:24:57 IST" duration-ms="33223" status="PASS">
          <params>
            <param index="0">
              <value>
                <![CDATA["Verify login is successful for valid users"]]>
              </value>
            </param>
            <param index="1">
              <value>
                <![CDATA["Login Functionality of SauceDemo Application"]]>
              </value>
            </param>
          </params>
          <reporter-output>
          </reporter-output>
        </test-method> <!-- runScenario -->
        <test-method signature="runScenario(io.cucumber.testng.PickleWrapper,io.cucumber.testng.FeatureWrapper)[pri:0, instance:com.saucedemo.automation.runners.TestRunner@50378a4]" started-at="2026-06-07T20:24:57 IST" name="runScenario" description="Runs Cucumber Scenarios" data-provider="scenarios" finished-at="2026-06-07T20:25:15 IST" duration-ms="17975" status="FAIL">
          <params>
            <param index="0">
              <value>
                <![CDATA["Verify login is successful for valid users"]]>
              </value>
            </param>
            <param index="1">
              <value>
                <![CDATA["Login Functionality of SauceDemo Application"]]>
              </value>
            </param>
          </params>
          <exception class="org.openqa.selenium.NoSuchWindowException">
            <message>
              <![CDATA[no such window: target window already closed
from unknown error: web view not found
  (Session info: MicrosoftEdge=149.0.4022.52)
Build info: version: '4.44.0', revision: 'da2039b'
System info: os.name: 'Windows 10', os.arch: 'amd64', os.version: '10.0', java.version: '17.0.10'
Driver info: org.openqa.selenium.edge.EdgeDriver
Command: [46213ea54e714bcfe81b080525c72c32, get {url=https://www.saucedemo.com}]
Capabilities {acceptInsecureCerts: false, browserName: MicrosoftEdge, browserVersion: 149.0.4022.52, fedcm:accounts: true, goog:processID: 19716, ms:edgeOptions: {debuggerAddress: localhost:55881}, msedge: {msedgedriverVersion: 149.0.4022.52 (ebf9b65f6b0d..., userDataDir: C:\Users\Hp\AppData\Local\T...}, networkConnectionEnabled: false, pageLoadStrategy: normal, platformName: windows, proxy: Proxy(), se:cdp: ws://localhost:55881/devtoo..., se:cdpVersion: 149.0.4022.52, setWindowRect: true, strictFileInteractability: false, timeouts: {implicit: 0, pageLoad: 300000, script: 30000}, unhandledPromptBehavior: dismiss and notify, webauthn:extension:credBlob: true, webauthn:extension:largeBlob: true, webauthn:extension:minPinLength: true, webauthn:extension:prf: true, webauthn:virtualAuthenticators: true}
Session ID: 46213ea54e714bcfe81b080525c72c32]]>
            </message>
            <full-stacktrace>
              <![CDATA[org.openqa.selenium.NoSuchWindowException: no such window: target window already closed
from unknown error: web view not found
  (Session info: MicrosoftEdge=149.0.4022.52)
Build info: version: '4.44.0', revision: 'da2039b'
System info: os.name: 'Windows 10', os.arch: 'amd64', os.version: '10.0', java.version: '17.0.10'
Driver info: org.openqa.selenium.edge.EdgeDriver
Command: [46213ea54e714bcfe81b080525c72c32, get {url=https://www.saucedemo.com}]
Capabilities {acceptInsecureCerts: false, browserName: MicrosoftEdge, browserVersion: 149.0.4022.52, fedcm:accounts: true, goog:processID: 19716, ms:edgeOptions: {debuggerAddress: localhost:55881}, msedge: {msedgedriverVersion: 149.0.4022.52 (ebf9b65f6b0d..., userDataDir: C:\Users\Hp\AppData\Local\T...}, networkConnectionEnabled: false, pageLoadStrategy: normal, platformName: windows, proxy: Proxy(), se:cdp: ws://localhost:55881/devtoo..., se:cdpVersion: 149.0.4022.52, setWindowRect: true, strictFileInteractability: false, timeouts: {implicit: 0, pageLoad: 300000, script: 30000}, unhandledPromptBehavior: dismiss and notify, webauthn:extension:credBlob: true, webauthn:extension:largeBlob: true, webauthn:extension:minPinLength: true, webauthn:extension:prf: true, webauthn:virtualAuthenticators: true}
Session ID: 46213ea54e714bcfe81b080525c72c32
at org.openqa.selenium.remote.ErrorCodec.decode(ErrorCodec.java:169)
at org.openqa.selenium.remote.codec.w3c.W3CHttpResponseCodec.decode(W3CHttpResponseCodec.java:143)
at org.openqa.selenium.remote.codec.w3c.W3CHttpResponseCodec.decode(W3CHttpResponseCodec.java:50)
at org.openqa.selenium.remote.HttpCommandExecutor.execute(HttpCommandExecutor.java:224)
at org.openqa.selenium.remote.service.DriverCommandExecutor.invokeExecute(DriverCommandExecutor.java:217)
at org.openqa.selenium.remote.service.DriverCommandExecutor.execute(DriverCommandExecutor.java:175)
at org.openqa.selenium.remote.RemoteWebDriver.execute(RemoteWebDriver.java:600)
at org.openqa.selenium.remote.RemoteWebDriver.get(RemoteWebDriver.java:366)
at com.saucedemo.automation.stepdefinitions.LoginStepDefinition.user_is_on_login_page(LoginStepDefinition.java:24)
at ✽.User is on login page(file:///C:/Users/Hp/eclipse-workspace/saucedemo-ui-automation-framework/src/test/resources/features/login.feature:5)
]]>
            </full-stacktrace>
          </exception> <!-- org.openqa.selenium.NoSuchWindowException -->
          <reporter-output>
          </reporter-output>
        </test-method> <!-- runScenario -->
        <test-method signature="runScenario(io.cucumber.testng.PickleWrapper,io.cucumber.testng.FeatureWrapper)[pri:0, instance:com.saucedemo.automation.runners.TestRunner@50378a4]" started-at="2026-06-07T20:25:15 IST" name="runScenario" description="Runs Cucumber Scenarios" data-provider="scenarios" finished-at="2026-06-07T20:25:44 IST" duration-ms="29351" status="PASS">
          <params>
            <param index="0">
              <value>
                <![CDATA["Verify locked out user cannot login"]]>
              </value>
            </param>
            <param index="1">
              <value>
                <![CDATA["Login Functionality of SauceDemo Application"]]>
              </value>
            </param>
          </params>
          <reporter-output>
          </reporter-output>
        </test-method> <!-- runScenario -->
        <test-method signature="runScenario(io.cucumber.testng.PickleWrapper,io.cucumber.testng.FeatureWrapper)[pri:0, instance:com.saucedemo.automation.runners.TestRunner@50378a4]" started-at="2026-06-07T20:25:44 IST" name="runScenario" description="Runs Cucumber Scenarios" data-provider="scenarios" finished-at="2026-06-07T20:26:09 IST" duration-ms="24833" status="PASS">
          <params>
            <param index="0">
              <value>
                <![CDATA["Verify user can logout successfully"]]>
              </value>
            </param>
            <param index="1">
              <value>
                <![CDATA["Logout functionality of SauceDemo Application"]]>
              </value>
            </param>
          </params>
          <reporter-output>
          </reporter-output>
        </test-method> <!-- runScenario -->
        <test-method signature="runScenario(io.cucumber.testng.PickleWrapper,io.cucumber.testng.FeatureWrapper)[pri:0, instance:com.saucedemo.automation.runners.TestRunner@50378a4]" started-at="2026-06-07T20:26:09 IST" name="runScenario" description="Runs Cucumber Scenarios" data-provider="scenarios" finished-at="2026-06-07T20:26:28 IST" duration-ms="19062" status="PASS">
          <params>
            <param index="0">
              <value>
                <![CDATA["Add products to cart"]]>
              </value>
            </param>
            <param index="1">
              <value>
                <![CDATA["Products functionality of SauceDemo Application"]]>
              </value>
            </param>
          </params>
          <reporter-output>
          </reporter-output>
        </test-method> <!-- runScenario -->
        <test-method signature="runScenario(io.cucumber.testng.PickleWrapper,io.cucumber.testng.FeatureWrapper)[pri:0, instance:com.saucedemo.automation.runners.TestRunner@50378a4]" started-at="2026-06-07T20:26:28 IST" name="runScenario" description="Runs Cucumber Scenarios" data-provider="scenarios" finished-at="2026-06-07T20:26:38 IST" duration-ms="10247" status="FAIL">
          <params>
            <param index="0">
              <value>
                <![CDATA["Add products to cart"]]>
              </value>
            </param>
            <param index="1">
              <value>
                <![CDATA["Products functionality of SauceDemo Application"]]>
              </value>
            </param>
          </params>
          <exception class="org.openqa.selenium.NoSuchWindowException">
            <message>
              <![CDATA[no such window: target window already closed
from unknown error: web view not found
  (Session info: MicrosoftEdge=149.0.4022.52)
Build info: version: '4.44.0', revision: 'da2039b'
System info: os.name: 'Windows 10', os.arch: 'amd64', os.version: '10.0', java.version: '17.0.10'
Driver info: org.openqa.selenium.edge.EdgeDriver
Command: [e4fae94cad8cd82d521db820cd01ef6a, deleteAllCookies {}]
Capabilities {acceptInsecureCerts: false, browserName: MicrosoftEdge, browserVersion: 149.0.4022.52, fedcm:accounts: true, goog:processID: 19288, ms:edgeOptions: {debuggerAddress: localhost:56237}, msedge: {msedgedriverVersion: 149.0.4022.52 (ebf9b65f6b0d..., userDataDir: C:\Users\Hp\AppData\Local\T...}, networkConnectionEnabled: false, pageLoadStrategy: normal, platformName: windows, proxy: Proxy(), se:cdp: ws://localhost:56237/devtoo..., se:cdpVersion: 149.0.4022.52, setWindowRect: true, strictFileInteractability: false, timeouts: {implicit: 0, pageLoad: 300000, script: 30000}, unhandledPromptBehavior: dismiss and notify, webauthn:extension:credBlob: true, webauthn:extension:largeBlob: true, webauthn:extension:minPinLength: true, webauthn:extension:prf: true, webauthn:virtualAuthenticators: true}
Session ID: e4fae94cad8cd82d521db820cd01ef6a]]>
            </message>
            <full-stacktrace>
              <![CDATA[org.openqa.selenium.NoSuchWindowException: no such window: target window already closed
from unknown error: web view not found
  (Session info: MicrosoftEdge=149.0.4022.52)
Build info: version: '4.44.0', revision: 'da2039b'
System info: os.name: 'Windows 10', os.arch: 'amd64', os.version: '10.0', java.version: '17.0.10'
Driver info: org.openqa.selenium.edge.EdgeDriver
Command: [e4fae94cad8cd82d521db820cd01ef6a, deleteAllCookies {}]
Capabilities {acceptInsecureCerts: false, browserName: MicrosoftEdge, browserVersion: 149.0.4022.52, fedcm:accounts: true, goog:processID: 19288, ms:edgeOptions: {debuggerAddress: localhost:56237}, msedge: {msedgedriverVersion: 149.0.4022.52 (ebf9b65f6b0d..., userDataDir: C:\Users\Hp\AppData\Local\T...}, networkConnectionEnabled: false, pageLoadStrategy: normal, platformName: windows, proxy: Proxy(), se:cdp: ws://localhost:56237/devtoo..., se:cdpVersion: 149.0.4022.52, setWindowRect: true, strictFileInteractability: false, timeouts: {implicit: 0, pageLoad: 300000, script: 30000}, unhandledPromptBehavior: dismiss and notify, webauthn:extension:credBlob: true, webauthn:extension:largeBlob: true, webauthn:extension:minPinLength: true, webauthn:extension:prf: true, webauthn:virtualAuthenticators: true}
Session ID: e4fae94cad8cd82d521db820cd01ef6a
at org.openqa.selenium.remote.ErrorCodec.decode(ErrorCodec.java:169)
at org.openqa.selenium.remote.codec.w3c.W3CHttpResponseCodec.decode(W3CHttpResponseCodec.java:143)
at org.openqa.selenium.remote.codec.w3c.W3CHttpResponseCodec.decode(W3CHttpResponseCodec.java:50)
at org.openqa.selenium.remote.HttpCommandExecutor.execute(HttpCommandExecutor.java:224)
at org.openqa.selenium.remote.service.DriverCommandExecutor.invokeExecute(DriverCommandExecutor.java:217)
at org.openqa.selenium.remote.service.DriverCommandExecutor.execute(DriverCommandExecutor.java:175)
at org.openqa.selenium.remote.RemoteWebDriver.execute(RemoteWebDriver.java:600)
at org.openqa.selenium.remote.RemoteWebDriver.execute(RemoteWebDriver.java:682)
at org.openqa.selenium.remote.RemoteWebDriver.execute(RemoteWebDriver.java:686)
at org.openqa.selenium.remote.RemoteWebDriver$RemoteWebDriverOptions.deleteAllCookies(RemoteWebDriver.java:1033)
at com.saucedemo.automation.factory.DriverFactory.initializeDriver(DriverFactory.java:74)
at com.saucedemo.automation.hooks.Hooks.setUp(Hooks.java:23)
]]>
            </full-stacktrace>
          </exception> <!-- org.openqa.selenium.NoSuchWindowException -->
          <reporter-output>
          </reporter-output>
        </test-method> <!-- runScenario -->
        <test-method is-config="true" signature="tearDownClass()[pri:0, instance:com.saucedemo.automation.runners.TestRunner@50378a4]" started-at="2026-06-07T20:26:38 IST" name="tearDownClass" finished-at="2026-06-07T20:26:38 IST" duration-ms="343" status="PASS">
          <reporter-output>
          </reporter-output>
        </test-method> <!-- tearDownClass -->
      </class> <!-- com.saucedemo.automation.runners.TestRunner -->
    </test> <!-- Edge Test -->
    <test started-at="2026-06-07T20:21:38 IST" name="Chrome Test" finished-at="2026-06-07T20:26:39 IST" duration-ms="300667">
      <class name="com.saucedemo.automation.runners.TestRunner">
        <test-method is-config="true" signature="setUpClass(org.testng.ITestContext)[pri:0, instance:com.saucedemo.automation.runners.TestRunner@c430e6c]" started-at="2026-06-07T20:21:38 IST" name="setUpClass" finished-at="2026-06-07T20:21:41 IST" duration-ms="2564" status="PASS">
          <params>
            <param index="0">
              <value>
                <![CDATA[org.testng.TestRunner@4149c063]]>
              </value>
            </param>
          </params>
          <reporter-output>
          </reporter-output>
        </test-method> <!-- setUpClass -->
        <test-method signature="runScenario(io.cucumber.testng.PickleWrapper,io.cucumber.testng.FeatureWrapper)[pri:0, instance:com.saucedemo.automation.runners.TestRunner@c430e6c]" started-at="2026-06-07T20:21:41 IST" name="runScenario" description="Runs Cucumber Scenarios" data-provider="scenarios" finished-at="2026-06-07T20:22:19 IST" duration-ms="37880" status="PASS">
          <params>
            <param index="0">
              <value>
                <![CDATA["Verify product is added to cart successfully"]]>
              </value>
            </param>
            <param index="1">
              <value>
                <![CDATA["Cart functionality of SauceDemo Application"]]>
              </value>
            </param>
          </params>
          <reporter-output>
          </reporter-output>
        </test-method> <!-- runScenario -->
        <test-method signature="runScenario(io.cucumber.testng.PickleWrapper,io.cucumber.testng.FeatureWrapper)[pri:0, instance:com.saucedemo.automation.runners.TestRunner@c430e6c]" started-at="2026-06-07T20:22:19 IST" name="runScenario" description="Runs Cucumber Scenarios" data-provider="scenarios" finished-at="2026-06-07T20:22:52 IST" duration-ms="32663" status="PASS">
          <params>
            <param index="0">
              <value>
                <![CDATA["Complete product checkout successfully"]]>
              </value>
            </param>
            <param index="1">
              <value>
                <![CDATA["Checkout functionality of SauceDemo Application"]]>
              </value>
            </param>
          </params>
          <reporter-output>
          </reporter-output>
        </test-method> <!-- runScenario -->
        <test-method signature="runScenario(io.cucumber.testng.PickleWrapper,io.cucumber.testng.FeatureWrapper)[pri:0, instance:com.saucedemo.automation.runners.TestRunner@c430e6c]" started-at="2026-06-07T20:22:52 IST" name="runScenario" description="Runs Cucumber Scenarios" data-provider="scenarios" finished-at="2026-06-07T20:23:12 IST" duration-ms="20486" status="PASS">
          <params>
            <param index="0">
              <value>
                <![CDATA["Verify login is successful for valid users"]]>
              </value>
            </param>
            <param index="1">
              <value>
                <![CDATA["Login Functionality of SauceDemo Application"]]>
              </value>
            </param>
          </params>
          <reporter-output>
          </reporter-output>
        </test-method> <!-- runScenario -->
        <test-method signature="runScenario(io.cucumber.testng.PickleWrapper,io.cucumber.testng.FeatureWrapper)[pri:0, instance:com.saucedemo.automation.runners.TestRunner@c430e6c]" started-at="2026-06-07T20:23:12 IST" name="runScenario" description="Runs Cucumber Scenarios" data-provider="scenarios" finished-at="2026-06-07T20:23:32 IST" duration-ms="20115" status="PASS">
          <params>
            <param index="0">
              <value>
                <![CDATA["Verify login is successful for valid users"]]>
              </value>
            </param>
            <param index="1">
              <value>
                <![CDATA["Login Functionality of SauceDemo Application"]]>
              </value>
            </param>
          </params>
          <reporter-output>
          </reporter-output>
        </test-method> <!-- runScenario -->
        <test-method signature="runScenario(io.cucumber.testng.PickleWrapper,io.cucumber.testng.FeatureWrapper)[pri:0, instance:com.saucedemo.automation.runners.TestRunner@c430e6c]" started-at="2026-06-07T20:23:32 IST" name="runScenario" description="Runs Cucumber Scenarios" data-provider="scenarios" finished-at="2026-06-07T20:24:23 IST" duration-ms="50145" status="PASS">
          <params>
            <param index="0">
              <value>
                <![CDATA["Verify login is successful for valid users"]]>
              </value>
            </param>
            <param index="1">
              <value>
                <![CDATA["Login Functionality of SauceDemo Application"]]>
              </value>
            </param>
          </params>
          <reporter-output>
          </reporter-output>
        </test-method> <!-- runScenario -->
        <test-method signature="runScenario(io.cucumber.testng.PickleWrapper,io.cucumber.testng.FeatureWrapper)[pri:0, instance:com.saucedemo.automation.runners.TestRunner@c430e6c]" started-at="2026-06-07T20:24:23 IST" name="runScenario" description="Runs Cucumber Scenarios" data-provider="scenarios" finished-at="2026-06-07T20:24:39 IST" duration-ms="16493" status="PASS">
          <params>
            <param index="0">
              <value>
                <![CDATA["Verify login is successful for valid users"]]>
              </value>
            </param>
            <param index="1">
              <value>
                <![CDATA["Login Functionality of SauceDemo Application"]]>
              </value>
            </param>
          </params>
          <reporter-output>
          </reporter-output>
        </test-method> <!-- runScenario -->
        <test-method signature="runScenario(io.cucumber.testng.PickleWrapper,io.cucumber.testng.FeatureWrapper)[pri:0, instance:com.saucedemo.automation.runners.TestRunner@c430e6c]" started-at="2026-06-07T20:24:39 IST" name="runScenario" description="Runs Cucumber Scenarios" data-provider="scenarios" finished-at="2026-06-07T20:25:14 IST" duration-ms="34344" status="FAIL">
          <params>
            <param index="0">
              <value>
                <![CDATA["Verify login is successful for valid users"]]>
              </value>
            </param>
            <param index="1">
              <value>
                <![CDATA["Login Functionality of SauceDemo Application"]]>
              </value>
            </param>
          </params>
          <exception class="org.openqa.selenium.TimeoutException">
            <message>
              <![CDATA[Expected condition failed: waiting for visibility of element found by By.id: user-name
(tried for 10 seconds with 500 milliseconds interval)]]>
            </message>
            <full-stacktrace>
              <![CDATA[org.openqa.selenium.TimeoutException: Expected condition failed: waiting for visibility of element found by By.id: user-name
(tried for 10 seconds with 500 milliseconds interval)
at org.openqa.selenium.support.ui.WebDriverWait.timeoutException(WebDriverWait.java:85)
at org.openqa.selenium.support.ui.FluentWait.until(FluentWait.java:234)
at com.saucedemo.automation.pages.BasePage.waitForVisibility(BasePage.java:24)
at com.saucedemo.automation.pages.BasePage.type(BasePage.java:36)
at com.saucedemo.automation.pages.LoginPage.enterUsername(LoginPage.java:25)
at com.saucedemo.automation.stepdefinitions.LoginStepDefinition.user_enters_username_and_password(LoginStepDefinition.java:30)
at ✽.User enters username "visual_user" and password "secret_sauce"(file:///C:/Users/Hp/eclipse-workspace/saucedemo-ui-automation-framework/src/test/resources/features/login.feature:6)
Caused by: org.openqa.selenium.NoSuchWindowException: no such window: target window already closed
from unknown error: web view not found
  (Session info: MicrosoftEdge=149.0.4022.52)
Build info: version: '4.44.0', revision: 'da2039b'
System info: os.name: 'Windows 10', os.arch: 'amd64', os.version: '10.0', java.version: '17.0.10'
Driver info: org.openqa.selenium.edge.EdgeDriver
Command: [1afcc7f8540fc9d9ba5aa69343899dc4, findElement {value=user-name, using=id}]
Capabilities {acceptInsecureCerts: false, browserName: MicrosoftEdge, browserVersion: 149.0.4022.52, fedcm:accounts: true, goog:processID: 20076, ms:edgeOptions: {debuggerAddress: localhost:55827}, msedge: {msedgedriverVersion: 149.0.4022.52 (ebf9b65f6b0d..., userDataDir: C:\Users\Hp\AppData\Local\T...}, networkConnectionEnabled: false, pageLoadStrategy: normal, platformName: windows, proxy: Proxy(), se:cdp: ws://localhost:55827/devtoo..., se:cdpVersion: 149.0.4022.52, setWindowRect: true, strictFileInteractability: false, timeouts: {implicit: 0, pageLoad: 300000, script: 30000}, unhandledPromptBehavior: dismiss and notify, webauthn:extension:credBlob: true, webauthn:extension:largeBlob: true, webauthn:extension:minPinLength: true, webauthn:extension:prf: true, webauthn:virtualAuthenticators: true}
Session ID: 1afcc7f8540fc9d9ba5aa69343899dc4
at org.openqa.selenium.remote.ErrorCodec.decode(ErrorCodec.java:169)
at org.openqa.selenium.remote.codec.w3c.W3CHttpResponseCodec.decode(W3CHttpResponseCodec.java:143)
at org.openqa.selenium.remote.codec.w3c.W3CHttpResponseCodec.decode(W3CHttpResponseCodec.java:50)
at org.openqa.selenium.remote.HttpCommandExecutor.execute(HttpCommandExecutor.java:224)
at org.openqa.selenium.remote.service.DriverCommandExecutor.invokeExecute(DriverCommandExecutor.java:217)
at org.openqa.selenium.remote.service.DriverCommandExecutor.execute(DriverCommandExecutor.java:175)
at org.openqa.selenium.remote.RemoteWebDriver.execute(RemoteWebDriver.java:600)
at org.openqa.selenium.remote.ElementLocation$ElementFinder$2.findElement(ElementLocation.java:173)
at org.openqa.selenium.remote.ElementLocation.findElement(ElementLocation.java:60)
at org.openqa.selenium.remote.RemoteWebDriver.findElement(RemoteWebDriver.java:421)
at org.openqa.selenium.remote.RemoteWebDriver.findElement(RemoteWebDriver.java:415)
at org.openqa.selenium.support.ui.ExpectedConditions$7.apply(ExpectedConditions.java:222)
at org.openqa.selenium.support.ui.ExpectedConditions$7.apply(ExpectedConditions.java:215)
at org.openqa.selenium.support.ui.FluentWait.until(FluentWait.java:210)
... 5 more
]]>
            </full-stacktrace>
          </exception> <!-- org.openqa.selenium.TimeoutException -->
          <reporter-output>
          </reporter-output>
        </test-method> <!-- runScenario -->
        <test-method signature="runScenario(io.cucumber.testng.PickleWrapper,io.cucumber.testng.FeatureWrapper)[pri:0, instance:com.saucedemo.automation.runners.TestRunner@c430e6c]" started-at="2026-06-07T20:25:14 IST" name="runScenario" description="Runs Cucumber Scenarios" data-provider="scenarios" finished-at="2026-06-07T20:25:43 IST" duration-ms="29385" status="PASS">
          <params>
            <param index="0">
              <value>
                <![CDATA["Verify locked out user cannot login"]]>
              </value>
            </param>
            <param index="1">
              <value>
                <![CDATA["Login Functionality of SauceDemo Application"]]>
              </value>
            </param>
          </params>
          <reporter-output>
          </reporter-output>
        </test-method> <!-- runScenario -->
        <test-method signature="runScenario(io.cucumber.testng.PickleWrapper,io.cucumber.testng.FeatureWrapper)[pri:0, instance:com.saucedemo.automation.runners.TestRunner@c430e6c]" started-at="2026-06-07T20:25:43 IST" name="runScenario" description="Runs Cucumber Scenarios" data-provider="scenarios" finished-at="2026-06-07T20:26:08 IST" duration-ms="25391" status="PASS">
          <params>
            <param index="0">
              <value>
                <![CDATA["Verify user can logout successfully"]]>
              </value>
            </param>
            <param index="1">
              <value>
                <![CDATA["Logout functionality of SauceDemo Application"]]>
              </value>
            </param>
          </params>
          <reporter-output>
          </reporter-output>
        </test-method> <!-- runScenario -->
        <test-method signature="runScenario(io.cucumber.testng.PickleWrapper,io.cucumber.testng.FeatureWrapper)[pri:0, instance:com.saucedemo.automation.runners.TestRunner@c430e6c]" started-at="2026-06-07T20:26:08 IST" name="runScenario" description="Runs Cucumber Scenarios" data-provider="scenarios" finished-at="2026-06-07T20:26:27 IST" duration-ms="19124" status="PASS">
          <params>
            <param index="0">
              <value>
                <![CDATA["Add products to cart"]]>
              </value>
            </param>
            <param index="1">
              <value>
                <![CDATA["Products functionality of SauceDemo Application"]]>
              </value>
            </param>
          </params>
          <reporter-output>
          </reporter-output>
        </test-method> <!-- runScenario -->
        <test-method signature="runScenario(io.cucumber.testng.PickleWrapper,io.cucumber.testng.FeatureWrapper)[pri:0, instance:com.saucedemo.automation.runners.TestRunner@c430e6c]" started-at="2026-06-07T20:26:27 IST" name="runScenario" description="Runs Cucumber Scenarios" data-provider="scenarios" finished-at="2026-06-07T20:26:39 IST" duration-ms="11547" status="FAIL">
          <params>
            <param index="0">
              <value>
                <![CDATA["Add products to cart"]]>
              </value>
            </param>
            <param index="1">
              <value>
                <![CDATA["Products functionality of SauceDemo Application"]]>
              </value>
            </param>
          </params>
          <exception class="org.openqa.selenium.WebDriverException">
            <message>
              <![CDATA[target frame detached: received Inspector.detached event
  (failed to check if window was closed: disconnected: Unable to receive message from renderer)
  (Session info: MicrosoftEdge=149.0.4022.52) (error code: "target frame detached")
Build info: version: '4.44.0', revision: 'da2039b'
System info: os.name: 'Windows 10', os.arch: 'amd64', os.version: '10.0', java.version: '17.0.10'
Driver info: org.openqa.selenium.edge.EdgeDriver
Command: [84a22f7f3512ad370874eb10f5039ded, deleteAllCookies {}]
Capabilities {acceptInsecureCerts: false, browserName: MicrosoftEdge, browserVersion: 149.0.4022.52, fedcm:accounts: true, goog:processID: 18852, ms:edgeOptions: {debuggerAddress: localhost:56238}, msedge: {msedgedriverVersion: 149.0.4022.52 (ebf9b65f6b0d..., userDataDir: C:\Users\Hp\AppData\Local\T...}, networkConnectionEnabled: false, pageLoadStrategy: normal, platformName: windows, proxy: Proxy(), se:cdp: ws://localhost:56238/devtoo..., se:cdpVersion: 149.0.4022.52, setWindowRect: true, strictFileInteractability: false, timeouts: {implicit: 0, pageLoad: 300000, script: 30000}, unhandledPromptBehavior: dismiss and notify, webauthn:extension:credBlob: true, webauthn:extension:largeBlob: true, webauthn:extension:minPinLength: true, webauthn:extension:prf: true, webauthn:virtualAuthenticators: true}
Session ID: 84a22f7f3512ad370874eb10f5039ded]]>
            </message>
            <full-stacktrace>
              <![CDATA[org.openqa.selenium.WebDriverException: target frame detached: received Inspector.detached event
  (failed to check if window was closed: disconnected: Unable to receive message from renderer)
  (Session info: MicrosoftEdge=149.0.4022.52) (error code: "target frame detached")
Build info: version: '4.44.0', revision: 'da2039b'
System info: os.name: 'Windows 10', os.arch: 'amd64', os.version: '10.0', java.version: '17.0.10'
Driver info: org.openqa.selenium.edge.EdgeDriver
Command: [84a22f7f3512ad370874eb10f5039ded, deleteAllCookies {}]
Capabilities {acceptInsecureCerts: false, browserName: MicrosoftEdge, browserVersion: 149.0.4022.52, fedcm:accounts: true, goog:processID: 18852, ms:edgeOptions: {debuggerAddress: localhost:56238}, msedge: {msedgedriverVersion: 149.0.4022.52 (ebf9b65f6b0d..., userDataDir: C:\Users\Hp\AppData\Local\T...}, networkConnectionEnabled: false, pageLoadStrategy: normal, platformName: windows, proxy: Proxy(), se:cdp: ws://localhost:56238/devtoo..., se:cdpVersion: 149.0.4022.52, setWindowRect: true, strictFileInteractability: false, timeouts: {implicit: 0, pageLoad: 300000, script: 30000}, unhandledPromptBehavior: dismiss and notify, webauthn:extension:credBlob: true, webauthn:extension:largeBlob: true, webauthn:extension:minPinLength: true, webauthn:extension:prf: true, webauthn:virtualAuthenticators: true}
Session ID: 84a22f7f3512ad370874eb10f5039ded
at org.openqa.selenium.remote.ErrorCodec.decode(ErrorCodec.java:172)
at org.openqa.selenium.remote.codec.w3c.W3CHttpResponseCodec.decode(W3CHttpResponseCodec.java:143)
at org.openqa.selenium.remote.codec.w3c.W3CHttpResponseCodec.decode(W3CHttpResponseCodec.java:50)
at org.openqa.selenium.remote.HttpCommandExecutor.execute(HttpCommandExecutor.java:224)
at org.openqa.selenium.remote.service.DriverCommandExecutor.invokeExecute(DriverCommandExecutor.java:217)
at org.openqa.selenium.remote.service.DriverCommandExecutor.execute(DriverCommandExecutor.java:175)
at org.openqa.selenium.remote.RemoteWebDriver.execute(RemoteWebDriver.java:600)
at org.openqa.selenium.remote.RemoteWebDriver.execute(RemoteWebDriver.java:682)
at org.openqa.selenium.remote.RemoteWebDriver.execute(RemoteWebDriver.java:686)
at org.openqa.selenium.remote.RemoteWebDriver$RemoteWebDriverOptions.deleteAllCookies(RemoteWebDriver.java:1033)
at com.saucedemo.automation.factory.DriverFactory.initializeDriver(DriverFactory.java:74)
at com.saucedemo.automation.hooks.Hooks.setUp(Hooks.java:23)
]]>
            </full-stacktrace>
          </exception> <!-- org.openqa.selenium.WebDriverException -->
          <reporter-output>
          </reporter-output>
        </test-method> <!-- runScenario -->
        <test-method is-config="true" signature="tearDownClass()[pri:0, instance:com.saucedemo.automation.runners.TestRunner@c430e6c]" started-at="2026-06-07T20:26:39 IST" name="tearDownClass" finished-at="2026-06-07T20:26:39 IST" duration-ms="51" status="PASS">
          <reporter-output>
          </reporter-output>
        </test-method> <!-- tearDownClass -->
      </class> <!-- com.saucedemo.automation.runners.TestRunner -->
    </test> <!-- Chrome Test -->
    <test started-at="2026-06-07T20:21:38 IST" name="Firefox Test" finished-at="2026-06-07T20:26:39 IST" duration-ms="301003">
      <class name="com.saucedemo.automation.runners.TestRunner">
        <test-method is-config="true" signature="setUpClass(org.testng.ITestContext)[pri:0, instance:com.saucedemo.automation.runners.TestRunner@79207381]" started-at="2026-06-07T20:21:38 IST" name="setUpClass" finished-at="2026-06-07T20:21:41 IST" duration-ms="2668" status="PASS">
          <params>
            <param index="0">
              <value>
                <![CDATA[org.testng.TestRunner@4b86805d]]>
              </value>
            </param>
          </params>
          <reporter-output>
          </reporter-output>
        </test-method> <!-- setUpClass -->
        <test-method signature="runScenario(io.cucumber.testng.PickleWrapper,io.cucumber.testng.FeatureWrapper)[pri:0, instance:com.saucedemo.automation.runners.TestRunner@79207381]" started-at="2026-06-07T20:21:41 IST" name="runScenario" description="Runs Cucumber Scenarios" data-provider="scenarios" finished-at="2026-06-07T20:22:19 IST" duration-ms="37877" status="PASS">
          <params>
            <param index="0">
              <value>
                <![CDATA["Verify product is added to cart successfully"]]>
              </value>
            </param>
            <param index="1">
              <value>
                <![CDATA["Cart functionality of SauceDemo Application"]]>
              </value>
            </param>
          </params>
          <reporter-output>
          </reporter-output>
        </test-method> <!-- runScenario -->
        <test-method signature="runScenario(io.cucumber.testng.PickleWrapper,io.cucumber.testng.FeatureWrapper)[pri:0, instance:com.saucedemo.automation.runners.TestRunner@79207381]" started-at="2026-06-07T20:22:19 IST" name="runScenario" description="Runs Cucumber Scenarios" data-provider="scenarios" finished-at="2026-06-07T20:22:51 IST" duration-ms="32034" status="PASS">
          <params>
            <param index="0">
              <value>
                <![CDATA["Complete product checkout successfully"]]>
              </value>
            </param>
            <param index="1">
              <value>
                <![CDATA["Checkout functionality of SauceDemo Application"]]>
              </value>
            </param>
          </params>
          <reporter-output>
          </reporter-output>
        </test-method> <!-- runScenario -->
        <test-method signature="runScenario(io.cucumber.testng.PickleWrapper,io.cucumber.testng.FeatureWrapper)[pri:0, instance:com.saucedemo.automation.runners.TestRunner@79207381]" started-at="2026-06-07T20:22:51 IST" name="runScenario" description="Runs Cucumber Scenarios" data-provider="scenarios" finished-at="2026-06-07T20:23:11 IST" duration-ms="20212" status="PASS">
          <params>
            <param index="0">
              <value>
                <![CDATA["Verify login is successful for valid users"]]>
              </value>
            </param>
            <param index="1">
              <value>
                <![CDATA["Login Functionality of SauceDemo Application"]]>
              </value>
            </param>
          </params>
          <reporter-output>
          </reporter-output>
        </test-method> <!-- runScenario -->
        <test-method signature="runScenario(io.cucumber.testng.PickleWrapper,io.cucumber.testng.FeatureWrapper)[pri:0, instance:com.saucedemo.automation.runners.TestRunner@79207381]" started-at="2026-06-07T20:23:11 IST" name="runScenario" description="Runs Cucumber Scenarios" data-provider="scenarios" finished-at="2026-06-07T20:23:32 IST" duration-ms="21106" status="PASS">
          <params>
            <param index="0">
              <value>
                <![CDATA["Verify login is successful for valid users"]]>
              </value>
            </param>
            <param index="1">
              <value>
                <![CDATA["Login Functionality of SauceDemo Application"]]>
              </value>
            </param>
          </params>
          <reporter-output>
          </reporter-output>
        </test-method> <!-- runScenario -->
        <test-method signature="runScenario(io.cucumber.testng.PickleWrapper,io.cucumber.testng.FeatureWrapper)[pri:0, instance:com.saucedemo.automation.runners.TestRunner@79207381]" started-at="2026-06-07T20:23:32 IST" name="runScenario" description="Runs Cucumber Scenarios" data-provider="scenarios" finished-at="2026-06-07T20:24:17 IST" duration-ms="44142" status="PASS">
          <params>
            <param index="0">
              <value>
                <![CDATA["Verify login is successful for valid users"]]>
              </value>
            </param>
            <param index="1">
              <value>
                <![CDATA["Login Functionality of SauceDemo Application"]]>
              </value>
            </param>
          </params>
          <reporter-output>
          </reporter-output>
        </test-method> <!-- runScenario -->
        <test-method signature="runScenario(io.cucumber.testng.PickleWrapper,io.cucumber.testng.FeatureWrapper)[pri:0, instance:com.saucedemo.automation.runners.TestRunner@79207381]" started-at="2026-06-07T20:24:17 IST" name="runScenario" description="Runs Cucumber Scenarios" data-provider="scenarios" finished-at="2026-06-07T20:24:43 IST" duration-ms="26691" status="PASS">
          <params>
            <param index="0">
              <value>
                <![CDATA["Verify login is successful for valid users"]]>
              </value>
            </param>
            <param index="1">
              <value>
                <![CDATA["Login Functionality of SauceDemo Application"]]>
              </value>
            </param>
          </params>
          <reporter-output>
          </reporter-output>
        </test-method> <!-- runScenario -->
        <test-method signature="runScenario(io.cucumber.testng.PickleWrapper,io.cucumber.testng.FeatureWrapper)[pri:0, instance:com.saucedemo.automation.runners.TestRunner@79207381]" started-at="2026-06-07T20:24:43 IST" name="runScenario" description="Runs Cucumber Scenarios" data-provider="scenarios" finished-at="2026-06-07T20:24:58 IST" duration-ms="14555" status="FAIL">
          <params>
            <param index="0">
              <value>
                <![CDATA["Verify login is successful for valid users"]]>
              </value>
            </param>
            <param index="1">
              <value>
                <![CDATA["Login Functionality of SauceDemo Application"]]>
              </value>
            </param>
          </params>
          <exception class="org.openqa.selenium.NoSuchWindowException">
            <message>
              <![CDATA[no such window: target window already closed
from unknown error: web view not found
  (Session info: MicrosoftEdge=149.0.4022.52)
Build info: version: '4.44.0', revision: 'da2039b'
System info: os.name: 'Windows 10', os.arch: 'amd64', os.version: '10.0', java.version: '17.0.10'
Driver info: org.openqa.selenium.edge.EdgeDriver
Command: [53b56006d5bc0ba6a4c2331291cef6f9, get {url=https://www.saucedemo.com}]
Capabilities {acceptInsecureCerts: false, browserName: MicrosoftEdge, browserVersion: 149.0.4022.52, fedcm:accounts: true, goog:processID: 4160, ms:edgeOptions: {debuggerAddress: localhost:55840}, msedge: {msedgedriverVersion: 149.0.4022.52 (ebf9b65f6b0d..., userDataDir: C:\Users\Hp\AppData\Local\T...}, networkConnectionEnabled: false, pageLoadStrategy: normal, platformName: windows, proxy: Proxy(), se:cdp: ws://localhost:55840/devtoo..., se:cdpVersion: 149.0.4022.52, setWindowRect: true, strictFileInteractability: false, timeouts: {implicit: 0, pageLoad: 300000, script: 30000}, unhandledPromptBehavior: dismiss and notify, webauthn:extension:credBlob: true, webauthn:extension:largeBlob: true, webauthn:extension:minPinLength: true, webauthn:extension:prf: true, webauthn:virtualAuthenticators: true}
Session ID: 53b56006d5bc0ba6a4c2331291cef6f9]]>
            </message>
            <full-stacktrace>
              <![CDATA[org.openqa.selenium.NoSuchWindowException: no such window: target window already closed
from unknown error: web view not found
  (Session info: MicrosoftEdge=149.0.4022.52)
Build info: version: '4.44.0', revision: 'da2039b'
System info: os.name: 'Windows 10', os.arch: 'amd64', os.version: '10.0', java.version: '17.0.10'
Driver info: org.openqa.selenium.edge.EdgeDriver
Command: [53b56006d5bc0ba6a4c2331291cef6f9, get {url=https://www.saucedemo.com}]
Capabilities {acceptInsecureCerts: false, browserName: MicrosoftEdge, browserVersion: 149.0.4022.52, fedcm:accounts: true, goog:processID: 4160, ms:edgeOptions: {debuggerAddress: localhost:55840}, msedge: {msedgedriverVersion: 149.0.4022.52 (ebf9b65f6b0d..., userDataDir: C:\Users\Hp\AppData\Local\T...}, networkConnectionEnabled: false, pageLoadStrategy: normal, platformName: windows, proxy: Proxy(), se:cdp: ws://localhost:55840/devtoo..., se:cdpVersion: 149.0.4022.52, setWindowRect: true, strictFileInteractability: false, timeouts: {implicit: 0, pageLoad: 300000, script: 30000}, unhandledPromptBehavior: dismiss and notify, webauthn:extension:credBlob: true, webauthn:extension:largeBlob: true, webauthn:extension:minPinLength: true, webauthn:extension:prf: true, webauthn:virtualAuthenticators: true}
Session ID: 53b56006d5bc0ba6a4c2331291cef6f9
at org.openqa.selenium.remote.ErrorCodec.decode(ErrorCodec.java:169)
at org.openqa.selenium.remote.codec.w3c.W3CHttpResponseCodec.decode(W3CHttpResponseCodec.java:143)
at org.openqa.selenium.remote.codec.w3c.W3CHttpResponseCodec.decode(W3CHttpResponseCodec.java:50)
at org.openqa.selenium.remote.HttpCommandExecutor.execute(HttpCommandExecutor.java:224)
at org.openqa.selenium.remote.service.DriverCommandExecutor.invokeExecute(DriverCommandExecutor.java:217)
at org.openqa.selenium.remote.service.DriverCommandExecutor.execute(DriverCommandExecutor.java:175)
at org.openqa.selenium.remote.RemoteWebDriver.execute(RemoteWebDriver.java:600)
at org.openqa.selenium.remote.RemoteWebDriver.get(RemoteWebDriver.java:366)
at com.saucedemo.automation.hooks.Hooks.setUp(Hooks.java:26)
]]>
            </full-stacktrace>
          </exception> <!-- org.openqa.selenium.NoSuchWindowException -->
          <reporter-output>
          </reporter-output>
        </test-method> <!-- runScenario -->
        <test-method signature="runScenario(io.cucumber.testng.PickleWrapper,io.cucumber.testng.FeatureWrapper)[pri:0, instance:com.saucedemo.automation.runners.TestRunner@79207381]" started-at="2026-06-07T20:24:58 IST" name="runScenario" description="Runs Cucumber Scenarios" data-provider="scenarios" finished-at="2026-06-07T20:25:17 IST" duration-ms="19535" status="FAIL">
          <params>
            <param index="0">
              <value>
                <![CDATA["Verify locked out user cannot login"]]>
              </value>
            </param>
            <param index="1">
              <value>
                <![CDATA["Login Functionality of SauceDemo Application"]]>
              </value>
            </param>
          </params>
          <exception class="org.openqa.selenium.WebDriverException">
            <message>
              <![CDATA[target frame detached: received Inspector.detached event
  (failed to check if window was closed: disconnected: Unable to receive message from renderer)
  (Session info: MicrosoftEdge=149.0.4022.52) (error code: "target frame detached")
Build info: version: '4.44.0', revision: 'da2039b'
System info: os.name: 'Windows 10', os.arch: 'amd64', os.version: '10.0', java.version: '17.0.10'
Driver info: org.openqa.selenium.edge.EdgeDriver
Command: [390efd66282cb3446c54ff86fc779e9b, deleteAllCookies {}]
Capabilities {acceptInsecureCerts: false, browserName: MicrosoftEdge, browserVersion: 149.0.4022.52, fedcm:accounts: true, goog:processID: 19404, ms:edgeOptions: {debuggerAddress: localhost:55905}, msedge: {msedgedriverVersion: 149.0.4022.52 (ebf9b65f6b0d..., userDataDir: C:\Users\Hp\AppData\Local\T...}, networkConnectionEnabled: false, pageLoadStrategy: normal, platformName: windows, proxy: Proxy(), se:cdp: ws://localhost:55905/devtoo..., se:cdpVersion: 149.0.4022.52, setWindowRect: true, strictFileInteractability: false, timeouts: {implicit: 0, pageLoad: 300000, script: 30000}, unhandledPromptBehavior: dismiss and notify, webauthn:extension:credBlob: true, webauthn:extension:largeBlob: true, webauthn:extension:minPinLength: true, webauthn:extension:prf: true, webauthn:virtualAuthenticators: true}
Session ID: 390efd66282cb3446c54ff86fc779e9b]]>
            </message>
            <full-stacktrace>
              <![CDATA[org.openqa.selenium.WebDriverException: target frame detached: received Inspector.detached event
  (failed to check if window was closed: disconnected: Unable to receive message from renderer)
  (Session info: MicrosoftEdge=149.0.4022.52) (error code: "target frame detached")
Build info: version: '4.44.0', revision: 'da2039b'
System info: os.name: 'Windows 10', os.arch: 'amd64', os.version: '10.0', java.version: '17.0.10'
Driver info: org.openqa.selenium.edge.EdgeDriver
Command: [390efd66282cb3446c54ff86fc779e9b, deleteAllCookies {}]
Capabilities {acceptInsecureCerts: false, browserName: MicrosoftEdge, browserVersion: 149.0.4022.52, fedcm:accounts: true, goog:processID: 19404, ms:edgeOptions: {debuggerAddress: localhost:55905}, msedge: {msedgedriverVersion: 149.0.4022.52 (ebf9b65f6b0d..., userDataDir: C:\Users\Hp\AppData\Local\T...}, networkConnectionEnabled: false, pageLoadStrategy: normal, platformName: windows, proxy: Proxy(), se:cdp: ws://localhost:55905/devtoo..., se:cdpVersion: 149.0.4022.52, setWindowRect: true, strictFileInteractability: false, timeouts: {implicit: 0, pageLoad: 300000, script: 30000}, unhandledPromptBehavior: dismiss and notify, webauthn:extension:credBlob: true, webauthn:extension:largeBlob: true, webauthn:extension:minPinLength: true, webauthn:extension:prf: true, webauthn:virtualAuthenticators: true}
Session ID: 390efd66282cb3446c54ff86fc779e9b
at org.openqa.selenium.remote.ErrorCodec.decode(ErrorCodec.java:172)
at org.openqa.selenium.remote.codec.w3c.W3CHttpResponseCodec.decode(W3CHttpResponseCodec.java:143)
at org.openqa.selenium.remote.codec.w3c.W3CHttpResponseCodec.decode(W3CHttpResponseCodec.java:50)
at org.openqa.selenium.remote.HttpCommandExecutor.execute(HttpCommandExecutor.java:224)
at org.openqa.selenium.remote.service.DriverCommandExecutor.invokeExecute(DriverCommandExecutor.java:217)
at org.openqa.selenium.remote.service.DriverCommandExecutor.execute(DriverCommandExecutor.java:175)
at org.openqa.selenium.remote.RemoteWebDriver.execute(RemoteWebDriver.java:600)
at org.openqa.selenium.remote.RemoteWebDriver.execute(RemoteWebDriver.java:682)
at org.openqa.selenium.remote.RemoteWebDriver.execute(RemoteWebDriver.java:686)
at org.openqa.selenium.remote.RemoteWebDriver$RemoteWebDriverOptions.deleteAllCookies(RemoteWebDriver.java:1033)
at com.saucedemo.automation.factory.DriverFactory.initializeDriver(DriverFactory.java:74)
at com.saucedemo.automation.hooks.Hooks.setUp(Hooks.java:23)
]]>
            </full-stacktrace>
          </exception> <!-- org.openqa.selenium.WebDriverException -->
          <reporter-output>
          </reporter-output>
        </test-method> <!-- runScenario -->
        <test-method signature="runScenario(io.cucumber.testng.PickleWrapper,io.cucumber.testng.FeatureWrapper)[pri:0, instance:com.saucedemo.automation.runners.TestRunner@79207381]" started-at="2026-06-07T20:25:17 IST" name="runScenario" description="Runs Cucumber Scenarios" data-provider="scenarios" finished-at="2026-06-07T20:25:53 IST" duration-ms="35227" status="PASS">
          <params>
            <param index="0">
              <value>
                <![CDATA["Verify user can logout successfully"]]>
              </value>
            </param>
            <param index="1">
              <value>
                <![CDATA["Logout functionality of SauceDemo Application"]]>
              </value>
            </param>
          </params>
          <reporter-output>
          </reporter-output>
        </test-method> <!-- runScenario -->
        <test-method signature="runScenario(io.cucumber.testng.PickleWrapper,io.cucumber.testng.FeatureWrapper)[pri:0, instance:com.saucedemo.automation.runners.TestRunner@79207381]" started-at="2026-06-07T20:25:53 IST" name="runScenario" description="Runs Cucumber Scenarios" data-provider="scenarios" finished-at="2026-06-07T20:26:09 IST" duration-ms="15977" status="FAIL">
          <params>
            <param index="0">
              <value>
                <![CDATA["Add products to cart"]]>
              </value>
            </param>
            <param index="1">
              <value>
                <![CDATA["Products functionality of SauceDemo Application"]]>
              </value>
            </param>
          </params>
          <exception class="org.openqa.selenium.WebDriverException">
            <message>
              <![CDATA[target frame detached: received Inspector.detached event
  (failed to check if window was closed: disconnected: Unable to receive message from renderer)
  (Session info: MicrosoftEdge=149.0.4022.52) (error code: "target frame detached")
Build info: version: '4.44.0', revision: 'da2039b'
System info: os.name: 'Windows 10', os.arch: 'amd64', os.version: '10.0', java.version: '17.0.10'
Driver info: org.openqa.selenium.edge.EdgeDriver
Command: [ad6aa8b06d0dc1777660c575242147ba, deleteAllCookies {}]
Capabilities {acceptInsecureCerts: false, browserName: MicrosoftEdge, browserVersion: 149.0.4022.52, fedcm:accounts: true, goog:processID: 11204, ms:edgeOptions: {debuggerAddress: localhost:56083}, msedge: {msedgedriverVersion: 149.0.4022.52 (ebf9b65f6b0d..., userDataDir: C:\Users\Hp\AppData\Local\T...}, networkConnectionEnabled: false, pageLoadStrategy: normal, platformName: windows, proxy: Proxy(), se:cdp: ws://localhost:56083/devtoo..., se:cdpVersion: 149.0.4022.52, setWindowRect: true, strictFileInteractability: false, timeouts: {implicit: 0, pageLoad: 300000, script: 30000}, unhandledPromptBehavior: dismiss and notify, webauthn:extension:credBlob: true, webauthn:extension:largeBlob: true, webauthn:extension:minPinLength: true, webauthn:extension:prf: true, webauthn:virtualAuthenticators: true}
Session ID: ad6aa8b06d0dc1777660c575242147ba]]>
            </message>
            <full-stacktrace>
              <![CDATA[org.openqa.selenium.WebDriverException: target frame detached: received Inspector.detached event
  (failed to check if window was closed: disconnected: Unable to receive message from renderer)
  (Session info: MicrosoftEdge=149.0.4022.52) (error code: "target frame detached")
Build info: version: '4.44.0', revision: 'da2039b'
System info: os.name: 'Windows 10', os.arch: 'amd64', os.version: '10.0', java.version: '17.0.10'
Driver info: org.openqa.selenium.edge.EdgeDriver
Command: [ad6aa8b06d0dc1777660c575242147ba, deleteAllCookies {}]
Capabilities {acceptInsecureCerts: false, browserName: MicrosoftEdge, browserVersion: 149.0.4022.52, fedcm:accounts: true, goog:processID: 11204, ms:edgeOptions: {debuggerAddress: localhost:56083}, msedge: {msedgedriverVersion: 149.0.4022.52 (ebf9b65f6b0d..., userDataDir: C:\Users\Hp\AppData\Local\T...}, networkConnectionEnabled: false, pageLoadStrategy: normal, platformName: windows, proxy: Proxy(), se:cdp: ws://localhost:56083/devtoo..., se:cdpVersion: 149.0.4022.52, setWindowRect: true, strictFileInteractability: false, timeouts: {implicit: 0, pageLoad: 300000, script: 30000}, unhandledPromptBehavior: dismiss and notify, webauthn:extension:credBlob: true, webauthn:extension:largeBlob: true, webauthn:extension:minPinLength: true, webauthn:extension:prf: true, webauthn:virtualAuthenticators: true}
Session ID: ad6aa8b06d0dc1777660c575242147ba
at org.openqa.selenium.remote.ErrorCodec.decode(ErrorCodec.java:172)
at org.openqa.selenium.remote.codec.w3c.W3CHttpResponseCodec.decode(W3CHttpResponseCodec.java:143)
at org.openqa.selenium.remote.codec.w3c.W3CHttpResponseCodec.decode(W3CHttpResponseCodec.java:50)
at org.openqa.selenium.remote.HttpCommandExecutor.execute(HttpCommandExecutor.java:224)
at org.openqa.selenium.remote.service.DriverCommandExecutor.invokeExecute(DriverCommandExecutor.java:217)
at org.openqa.selenium.remote.service.DriverCommandExecutor.execute(DriverCommandExecutor.java:175)
at org.openqa.selenium.remote.RemoteWebDriver.execute(RemoteWebDriver.java:600)
at org.openqa.selenium.remote.RemoteWebDriver.execute(RemoteWebDriver.java:682)
at org.openqa.selenium.remote.RemoteWebDriver.execute(RemoteWebDriver.java:686)
at org.openqa.selenium.remote.RemoteWebDriver$RemoteWebDriverOptions.deleteAllCookies(RemoteWebDriver.java:1033)
at com.saucedemo.automation.factory.DriverFactory.initializeDriver(DriverFactory.java:74)
at com.saucedemo.automation.hooks.Hooks.setUp(Hooks.java:23)
]]>
            </full-stacktrace>
          </exception> <!-- org.openqa.selenium.WebDriverException -->
          <reporter-output>
          </reporter-output>
        </test-method> <!-- runScenario -->
        <test-method signature="runScenario(io.cucumber.testng.PickleWrapper,io.cucumber.testng.FeatureWrapper)[pri:0, instance:com.saucedemo.automation.runners.TestRunner@79207381]" started-at="2026-06-07T20:26:09 IST" name="runScenario" description="Runs Cucumber Scenarios" data-provider="scenarios" finished-at="2026-06-07T20:26:39 IST" duration-ms="30606" status="PASS">
          <params>
            <param index="0">
              <value>
                <![CDATA["Add products to cart"]]>
              </value>
            </param>
            <param index="1">
              <value>
                <![CDATA["Products functionality of SauceDemo Application"]]>
              </value>
            </param>
          </params>
          <reporter-output>
          </reporter-output>
        </test-method> <!-- runScenario -->
        <test-method is-config="true" signature="tearDownClass()[pri:0, instance:com.saucedemo.automation.runners.TestRunner@79207381]" started-at="2026-06-07T20:26:39 IST" name="tearDownClass" finished-at="2026-06-07T20:26:39 IST" duration-ms="110" status="PASS">
          <reporter-output>
          </reporter-output>
        </test-method> <!-- tearDownClass -->
      </class> <!-- com.saucedemo.automation.runners.TestRunner -->
    </test> <!-- Firefox Test -->
  </suite> <!-- SauceDemo Suite -->
</testng-results>
