<?xml version="1.0" encoding="UTF-8"?>
<testng-results ignored="0" total="11" passed="11" failed="0" skipped="0">
  <reporter-output>
  </reporter-output>
  <suite started-at="2026-06-07T17:40:15 IST" name="Surefire suite" finished-at="2026-06-07T17:41:44 IST" duration-ms="88551">
    <groups>
      <group name="cucumber">
        <method signature="AbstractTestNGCucumberTests.runScenario(io.cucumber.testng.PickleWrapper,io.cucumber.testng.FeatureWrapper)[pri:0, instance:com.saucedemo.automation.runners.TestRunner@3835c46]" name="runScenario" class="io.cucumber.testng.AbstractTestNGCucumberTests"/>
      </group> <!-- cucumber -->
    </groups>
    <test started-at="2026-06-07T17:40:15 IST" name="Surefire test" finished-at="2026-06-07T17:41:44 IST" duration-ms="88551">
      <class name="com.saucedemo.automation.runners.TestRunner">
        <test-method is-config="true" signature="setUpClass(org.testng.ITestContext)[pri:0, instance:com.saucedemo.automation.runners.TestRunner@3835c46]" started-at="2026-06-07T17:40:15 IST" name="setUpClass" finished-at="2026-06-07T17:40:18 IST" duration-ms="2170" status="PASS">
          <params>
            <param index="0">
              <value>
                <![CDATA[org.testng.TestRunner@5f9a8ddc]]>
              </value>
            </param>
          </params>
          <reporter-output>
          </reporter-output>
        </test-method> <!-- setUpClass -->
        <test-method signature="runScenario(io.cucumber.testng.PickleWrapper,io.cucumber.testng.FeatureWrapper)[pri:0, instance:com.saucedemo.automation.runners.TestRunner@3835c46]" started-at="2026-06-07T17:40:18 IST" name="runScenario" description="Runs Cucumber Scenarios" data-provider="scenarios" finished-at="2026-06-07T17:40:39 IST" duration-ms="21569" status="PASS">
          <params>
            <param index="0">
              <value>
                <![CDATA["Verify product is added to cart successfully"]]>
              </value>
            </param>
            <param index="1">
              <value>
                <![CDATA["Cart functionality of SauceDemo Application"]]>
              </value>
            </param>
          </params>
          <reporter-output>
          </reporter-output>
        </test-method> <!-- runScenario -->
        <test-method signature="runScenario(io.cucumber.testng.PickleWrapper,io.cucumber.testng.FeatureWrapper)[pri:0, instance:com.saucedemo.automation.runners.TestRunner@3835c46]" started-at="2026-06-07T17:40:39 IST" name="runScenario" description="Runs Cucumber Scenarios" data-provider="scenarios" finished-at="2026-06-07T17:40:49 IST" duration-ms="9547" status="PASS">
          <params>
            <param index="0">
              <value>
                <![CDATA["Complete product checkout successfully"]]>
              </value>
            </param>
            <param index="1">
              <value>
                <![CDATA["Checkout functionality of SauceDemo Application"]]>
              </value>
            </param>
          </params>
          <reporter-output>
          </reporter-output>
        </test-method> <!-- runScenario -->
        <test-method signature="runScenario(io.cucumber.testng.PickleWrapper,io.cucumber.testng.FeatureWrapper)[pri:0, instance:com.saucedemo.automation.runners.TestRunner@3835c46]" started-at="2026-06-07T17:40:49 IST" name="runScenario" description="Runs Cucumber Scenarios" data-provider="scenarios" finished-at="2026-06-07T17:40:55 IST" duration-ms="5934" status="PASS">
          <params>
            <param index="0">
              <value>
                <![CDATA["Verify login is successful for valid users"]]>
              </value>
            </param>
            <param index="1">
              <value>
                <![CDATA["Login Functionality of SauceDemo Application"]]>
              </value>
            </param>
          </params>
          <reporter-output>
          </reporter-output>
        </test-method> <!-- runScenario -->
        <test-method signature="runScenario(io.cucumber.testng.PickleWrapper,io.cucumber.testng.FeatureWrapper)[pri:0, instance:com.saucedemo.automation.runners.TestRunner@3835c46]" started-at="2026-06-07T17:40:55 IST" name="runScenario" description="Runs Cucumber Scenarios" data-provider="scenarios" finished-at="2026-06-07T17:41:01 IST" duration-ms="6026" status="PASS">
          <params>
            <param index="0">
              <value>
                <![CDATA["Verify login is successful for valid users"]]>
              </value>
            </param>
            <param index="1">
              <value>
                <![CDATA["Login Functionality of SauceDemo Application"]]>
              </value>
            </param>
          </params>
          <reporter-output>
          </reporter-output>
        </test-method> <!-- runScenario -->
        <test-method signature="runScenario(io.cucumber.testng.PickleWrapper,io.cucumber.testng.FeatureWrapper)[pri:0, instance:com.saucedemo.automation.runners.TestRunner@3835c46]" started-at="2026-06-07T17:41:01 IST" name="runScenario" description="Runs Cucumber Scenarios" data-provider="scenarios" finished-at="2026-06-07T17:41:11 IST" duration-ms="10301" status="PASS">
          <params>
            <param index="0">
              <value>
                <![CDATA["Verify login is successful for valid users"]]>
              </value>
            </param>
            <param index="1">
              <value>
                <![CDATA["Login Functionality of SauceDemo Application"]]>
              </value>
            </param>
          </params>
          <reporter-output>
          </reporter-output>
        </test-method> <!-- runScenario -->
        <test-method signature="runScenario(io.cucumber.testng.PickleWrapper,io.cucumber.testng.FeatureWrapper)[pri:0, instance:com.saucedemo.automation.runners.TestRunner@3835c46]" started-at="2026-06-07T17:41:11 IST" name="runScenario" description="Runs Cucumber Scenarios" data-provider="scenarios" finished-at="2026-06-07T17:41:17 IST" duration-ms="5731" status="PASS">
          <params>
            <param index="0">
              <value>
                <![CDATA["Verify login is successful for valid users"]]>
              </value>
            </param>
            <param index="1">
              <value>
                <![CDATA["Login Functionality of SauceDemo Application"]]>
              </value>
            </param>
          </params>
          <reporter-output>
          </reporter-output>
        </test-method> <!-- runScenario -->
        <test-method signature="runScenario(io.cucumber.testng.PickleWrapper,io.cucumber.testng.FeatureWrapper)[pri:0, instance:com.saucedemo.automation.runners.TestRunner@3835c46]" started-at="2026-06-07T17:41:17 IST" name="runScenario" description="Runs Cucumber Scenarios" data-provider="scenarios" finished-at="2026-06-07T17:41:22 IST" duration-ms="5248" status="PASS">
          <params>
            <param index="0">
              <value>
                <![CDATA["Verify login is successful for valid users"]]>
              </value>
            </param>
            <param index="1">
              <value>
                <![CDATA["Login Functionality of SauceDemo Application"]]>
              </value>
            </param>
          </params>
          <reporter-output>
          </reporter-output>
        </test-method> <!-- runScenario -->
        <test-method signature="runScenario(io.cucumber.testng.PickleWrapper,io.cucumber.testng.FeatureWrapper)[pri:0, instance:com.saucedemo.automation.runners.TestRunner@3835c46]" started-at="2026-06-07T17:41:22 IST" name="runScenario" description="Runs Cucumber Scenarios" data-provider="scenarios" finished-at="2026-06-07T17:41:28 IST" duration-ms="5678" status="PASS">
          <params>
            <param index="0">
              <value>
                <![CDATA["Verify locked out user cannot login"]]>
              </value>
            </param>
            <param index="1">
              <value>
                <![CDATA["Login Functionality of SauceDemo Application"]]>
              </value>
            </param>
          </params>
          <reporter-output>
          </reporter-output>
        </test-method> <!-- runScenario -->
        <test-method signature="runScenario(io.cucumber.testng.PickleWrapper,io.cucumber.testng.FeatureWrapper)[pri:0, instance:com.saucedemo.automation.runners.TestRunner@3835c46]" started-at="2026-06-07T17:41:28 IST" name="runScenario" description="Runs Cucumber Scenarios" data-provider="scenarios" finished-at="2026-06-07T17:41:33 IST" duration-ms="5721" status="PASS">
          <params>
            <param index="0">
              <value>
                <![CDATA["Verify user can logout successfully"]]>
              </value>
            </param>
            <param index="1">
              <value>
                <![CDATA["Logout functionality of SauceDemo Application"]]>
              </value>
            </param>
          </params>
          <reporter-output>
          </reporter-output>
        </test-method> <!-- runScenario -->
        <test-method signature="runScenario(io.cucumber.testng.PickleWrapper,io.cucumber.testng.FeatureWrapper)[pri:0, instance:com.saucedemo.automation.runners.TestRunner@3835c46]" started-at="2026-06-07T17:41:33 IST" name="runScenario" description="Runs Cucumber Scenarios" data-provider="scenarios" finished-at="2026-06-07T17:41:39 IST" duration-ms="5512" status="PASS">
          <params>
            <param index="0">
              <value>
                <![CDATA["Add products to cart"]]>
              </value>
            </param>
            <param index="1">
              <value>
                <![CDATA["Products functionality of SauceDemo Application"]]>
              </value>
            </param>
          </params>
          <reporter-output>
          </reporter-output>
        </test-method> <!-- runScenario -->
        <test-method signature="runScenario(io.cucumber.testng.PickleWrapper,io.cucumber.testng.FeatureWrapper)[pri:0, instance:com.saucedemo.automation.runners.TestRunner@3835c46]" started-at="2026-06-07T17:41:39 IST" name="runScenario" description="Runs Cucumber Scenarios" data-provider="scenarios" finished-at="2026-06-07T17:41:44 IST" duration-ms="4774" status="PASS">
          <params>
            <param index="0">
              <value>
                <![CDATA["Add products to cart"]]>
              </value>
            </param>
            <param index="1">
              <value>
                <![CDATA["Products functionality of SauceDemo Application"]]>
              </value>
            </param>
          </params>
          <reporter-output>
          </reporter-output>
        </test-method> <!-- runScenario -->
        <test-method is-config="true" signature="tearDownClass()[pri:0, instance:com.saucedemo.automation.runners.TestRunner@3835c46]" started-at="2026-06-07T17:41:44 IST" name="tearDownClass" finished-at="2026-06-07T17:41:44 IST" duration-ms="176" status="PASS">
          <reporter-output>
          </reporter-output>
        </test-method> <!-- tearDownClass -->
      </class> <!-- com.saucedemo.automation.runners.TestRunner -->
    </test> <!-- Surefire test -->
  </suite> <!-- Surefire suite -->
</testng-results>
