<?xml version="1.0" encoding="UTF-8"?>
<testsuite xmlns:xsi="http://www.w3.org/2001/XMLSchema-instance" xsi:noNamespaceSchemaLocation="https://maven.apache.org/surefire/maven-surefire-plugin/xsd/surefire-test-report.xsd" version="3.0.1" name="com.saucedemo.automation.runners.TestRunner" time="89.918" tests="11" errors="0" skipped="0" failures="0">
  <properties>
[...]
</properties>
  <testcase name="runScenario[&quot;Verify product is added to cart successfully&quot;, &quot;Cart functionality of SauceDemo Application&quot;](1)" classname="com.saucedemo.automation.runners.TestRunner" time="21.572">
    <system-out><![CDATA[
Scenario Outline: Verify product is added to cart successfully # src/test/resources/features/cart.feature:12
  ✔ Given User is logged in                                    # com.saucedemo.automation.stepdefinitions.CartStepDefinition.user_is_logged_in()
  ✔ When User adds "Sauce Labs Bike Light" to cart             # com.saucedemo.automation.stepdefinitions.ProductsStepDefinition.add_product_to_cart(java.lang.String)
  ✔ And User opens shopping cart                               # com.saucedemo.automation.stepdefinitions.CartStepDefinition.open_cart()
  ✔ Then Cart should contain "1" items                         # com.saucedemo.automation.stepdefinitions.CartStepDefinition.verify_cart_items(java.lang.String)
]]></system-out>
    <system-err><![CDATA[SLF4J(W): No SLF4J providers were found.
SLF4J(W): Defaulting to no-operation (NOP) logger implementation
SLF4J(W): See https://www.slf4j.org/codes.html#noProviders for further details.
]]></system-err>
  </testcase>
  <testcase name="runScenario[&quot;Complete product checkout successfully&quot;, &quot;Checkout functionality of SauceDemo Application&quot;](2)" classname="com.saucedemo.automation.runners.TestRunner" time="9.547">
    <system-out><![CDATA[
Scenario: Complete product checkout successfully # src/test/resources/features/checkout.feature:3
  ✔ Given User is logged in                      # com.saucedemo.automation.stepdefinitions.CartStepDefinition.user_is_logged_in()
  ✔ When User adds product to cart               # com.saucedemo.automation.stepdefinitions.CheckoutStepDefinition.add_product_to_cart()
  ✔ And User opens shopping cart                 # com.saucedemo.automation.stepdefinitions.CartStepDefinition.open_cart()
  ✔ And User clicks on checkout button           # com.saucedemo.automation.stepdefinitions.CheckoutStepDefinition.click_checkout()
  ✔ When User enters checkout information        # com.saucedemo.automation.stepdefinitions.CheckoutStepDefinition.enter_checkout_information()
  ✔ And User continues to checkout overview      # com.saucedemo.automation.stepdefinitions.CheckoutStepDefinition.continue_to_overview()
  ✔ And User finishes the order                  # com.saucedemo.automation.stepdefinitions.CheckoutStepDefinition.finish_order()
  ✔ Then Order should be placed successfully     # com.saucedemo.automation.stepdefinitions.CheckoutStepDefinition.verify_order_success()
]]></system-out>
  </testcase>
  <testcase name="runScenario[&quot;Verify login is successful for valid users&quot;, &quot;Login Functionality of SauceDemo Application&quot;](3)" classname="com.saucedemo.automation.runners.TestRunner" time="5.932">
    <system-out><![CDATA[
Scenario Outline: Verify login is successful for valid users              # src/test/resources/features/login.feature:12
  ✔ Given User is on login page                                           # com.saucedemo.automation.stepdefinitions.LoginStepDefinition.user_is_on_login_page()
  ✔ When User enters username "standard_user" and password "secret_sauce" # com.saucedemo.automation.stepdefinitions.LoginStepDefinition.user_enters_username_and_password(java.lang.String,java.lang.String)
  ✔ And User clicks on login button                                       # com.saucedemo.automation.stepdefinitions.LoginStepDefinition.user_clicks_on_login_button()
  ✔ Then User should be navigated to products page                        # com.saucedemo.automation.stepdefinitions.LoginStepDefinition.user_should_be_navigated_to_products_page()
]]></system-out>
  </testcase>
  <testcase name="runScenario[&quot;Verify login is successful for valid users&quot;, &quot;Login Functionality of SauceDemo Application&quot;](4)" classname="com.saucedemo.automation.runners.TestRunner" time="6.027">
    <system-out><![CDATA[
Scenario Outline: Verify login is successful for valid users             # src/test/resources/features/login.feature:13
  ✔ Given User is on login page                                          # com.saucedemo.automation.stepdefinitions.LoginStepDefinition.user_is_on_login_page()
  ✔ When User enters username "problem_user" and password "secret_sauce" # com.saucedemo.automation.stepdefinitions.LoginStepDefinition.user_enters_username_and_password(java.lang.String,java.lang.String)
  ✔ And User clicks on login button                                      # com.saucedemo.automation.stepdefinitions.LoginStepDefinition.user_clicks_on_login_button()
  ✔ Then User should be navigated to products page                       # com.saucedemo.automation.stepdefinitions.LoginStepDefinition.user_should_be_navigated_to_products_page()
]]></system-out>
  </testcase>
  <testcase name="runScenario[&quot;Verify login is successful for valid users&quot;, &quot;Login Functionality of SauceDemo Application&quot;](5)" classname="com.saucedemo.automation.runners.TestRunner" time="10.301">
    <system-out><![CDATA[
Scenario Outline: Verify login is successful for valid users                        # src/test/resources/features/login.feature:14
  ✔ Given User is on login page                                                     # com.saucedemo.automation.stepdefinitions.LoginStepDefinition.user_is_on_login_page()
  ✔ When User enters username "performance_glitch_user" and password "secret_sauce" # com.saucedemo.automation.stepdefinitions.LoginStepDefinition.user_enters_username_and_password(java.lang.String,java.lang.String)
  ✔ And User clicks on login button                                                 # com.saucedemo.automation.stepdefinitions.LoginStepDefinition.user_clicks_on_login_button()
  ✔ Then User should be navigated to products page                                  # com.saucedemo.automation.stepdefinitions.LoginStepDefinition.user_should_be_navigated_to_products_page()
]]></system-out>
  </testcase>
  <testcase name="runScenario[&quot;Verify login is successful for valid users&quot;, &quot;Login Functionality of SauceDemo Application&quot;](6)" classname="com.saucedemo.automation.runners.TestRunner" time="5.732">
    <system-out><![CDATA[
Scenario Outline: Verify login is successful for valid users           # src/test/resources/features/login.feature:15
  ✔ Given User is on login page                                        # com.saucedemo.automation.stepdefinitions.LoginStepDefinition.user_is_on_login_page()
  ✔ When User enters username "error_user" and password "secret_sauce" # com.saucedemo.automation.stepdefinitions.LoginStepDefinition.user_enters_username_and_password(java.lang.String,java.lang.String)
  ✔ And User clicks on login button                                    # com.saucedemo.automation.stepdefinitions.LoginStepDefinition.user_clicks_on_login_button()
  ✔ Then User should be navigated to products page                     # com.saucedemo.automation.stepdefinitions.LoginStepDefinition.user_should_be_navigated_to_products_page()
]]></system-out>
  </testcase>
  <testcase name="runScenario[&quot;Verify login is successful for valid users&quot;, &quot;Login Functionality of SauceDemo Application&quot;](7)" classname="com.saucedemo.automation.runners.TestRunner" time="5.247">
    <system-out><![CDATA[
Scenario Outline: Verify login is successful for valid users            # src/test/resources/features/login.feature:16
  ✔ Given User is on login page                                         # com.saucedemo.automation.stepdefinitions.LoginStepDefinition.user_is_on_login_page()
  ✔ When User enters username "visual_user" and password "secret_sauce" # com.saucedemo.automation.stepdefinitions.LoginStepDefinition.user_enters_username_and_password(java.lang.String,java.lang.String)
  ✔ And User clicks on login button                                     # com.saucedemo.automation.stepdefinitions.LoginStepDefinition.user_clicks_on_login_button()
  ✔ Then User should be navigated to products page                      # com.saucedemo.automation.stepdefinitions.LoginStepDefinition.user_should_be_navigated_to_products_page()
]]></system-out>
  </testcase>
  <testcase name="runScenario[&quot;Verify locked out user cannot login&quot;, &quot;Login Functionality of SauceDemo Application&quot;](8)" classname="com.saucedemo.automation.runners.TestRunner" time="5.678">
    <system-out><![CDATA[
Scenario: Verify locked out user cannot login                               # src/test/resources/features/login.feature:19
  ✔ Given User is on login page                                             # com.saucedemo.automation.stepdefinitions.LoginStepDefinition.user_is_on_login_page()
  ✔ When User enters username "locked_out_user" and password "secret_sauce" # com.saucedemo.automation.stepdefinitions.LoginStepDefinition.user_enters_username_and_password(java.lang.String,java.lang.String)
  ✔ And User clicks on login button                                         # com.saucedemo.automation.stepdefinitions.LoginStepDefinition.user_clicks_on_login_button()
  ✔ Then User should see locked out user error message                      # com.saucedemo.automation.stepdefinitions.LoginStepDefinition.user_should_see_locked_out_error_message()
]]></system-out>
  </testcase>
  <testcase name="runScenario[&quot;Verify user can logout successfully&quot;, &quot;Logout functionality of SauceDemo Application&quot;](9)" classname="com.saucedemo.automation.runners.TestRunner" time="5.722">
    <system-out><![CDATA[
Scenario: Verify user can logout successfully   # src/test/resources/features/logout.feature:3
  ✔ Given User is logged in                     # com.saucedemo.automation.stepdefinitions.CartStepDefinition.user_is_logged_in()
  ✔ When User opens application menu            # com.saucedemo.automation.stepdefinitions.LogoutStepDefinition.user_opens_application_menu()
  ✔ And User clicks logout option               # com.saucedemo.automation.stepdefinitions.LogoutStepDefinition.user_clicks_logout_option()
  ✔ Then User should be navigated to login page # com.saucedemo.automation.stepdefinitions.LogoutStepDefinition.user_should_be_navigated_to_login_page()
]]></system-out>
  </testcase>
  <testcase name="runScenario[&quot;Add products to cart&quot;, &quot;Products functionality of SauceDemo Application&quot;](10)" classname="com.saucedemo.automation.runners.TestRunner" time="5.512">
    <system-out><![CDATA[
Scenario Outline: Add products to cart           # src/test/resources/features/products.feature:11
  ✔ Given User is logged in                      # com.saucedemo.automation.stepdefinitions.CartStepDefinition.user_is_logged_in()
  ✔ When User adds "Sauce Labs Backpack" to cart # com.saucedemo.automation.stepdefinitions.ProductsStepDefinition.add_product_to_cart(java.lang.String)
  ✔ Then Cart badge should show "1"              # com.saucedemo.automation.stepdefinitions.ProductsStepDefinition.verify_cart_badge(java.lang.String)
]]></system-out>
  </testcase>
  <testcase name="runScenario[&quot;Add products to cart&quot;, &quot;Products functionality of SauceDemo Application&quot;](11)" classname="com.saucedemo.automation.runners.TestRunner" time="4.775">
    <system-out><![CDATA[
Scenario Outline: Add products to cart             # src/test/resources/features/products.feature:12
  ✔ Given User is logged in                        # com.saucedemo.automation.stepdefinitions.CartStepDefinition.user_is_logged_in()
  ✔ When User adds "Sauce Labs Bike Light" to cart # com.saucedemo.automation.stepdefinitions.ProductsStepDefinition.add_product_to_cart(java.lang.String)
  ✔ Then Cart badge should show "1"                # com.saucedemo.automation.stepdefinitions.ProductsStepDefinition.verify_cart_badge(java.lang.String)
]]></system-out>
  </testcase>
</testsuite>