<?xml version="1.0" encoding="UTF-8"?>
<testng-results ignored="0" total="14" passed="14" failed="0" skipped="0">
  <reporter-output>
  </reporter-output>
  <suite started-at="2026-06-07T21:40:46 IST" name="SauceDemo Suite" finished-at="2026-06-07T21:42:49 IST" duration-ms="123528">
    <groups>
      <group name="cucumber">
        <method signature="AbstractTestNGCucumberTests.runScenario(io.cucumber.testng.PickleWrapper,io.cucumber.testng.FeatureWrapper)[pri:0, instance:com.saucedemo.automation.runners.TestRunner@c430e6c]" name="runScenario" class="io.cucumber.testng.AbstractTestNGCucumberTests"/>
      </group> <!-- cucumber -->
    </groups>
    <test started-at="2026-06-07T21:40:46 IST" name="SauceDemo Tests" finished-at="2026-06-07T21:42:49 IST" duration-ms="123528">
      <class name="com.saucedemo.automation.runners.TestRunner">
        <test-method is-config="true" signature="setUpClass(org.testng.ITestContext)[pri:0, instance:com.saucedemo.automation.runners.TestRunner@c430e6c]" started-at="2026-06-07T21:40:46 IST" name="setUpClass" finished-at="2026-06-07T21:40:48 IST" duration-ms="2287" status="PASS">
          <params>
            <param index="0">
              <value>
                <![CDATA[org.testng.TestRunner@6b43b101]]>
              </value>
            </param>
          </params>
          <reporter-output>
          </reporter-output>
        </test-method> <!-- setUpClass -->
        <test-method signature="runScenario(io.cucumber.testng.PickleWrapper,io.cucumber.testng.FeatureWrapper)[pri:0, instance:com.saucedemo.automation.runners.TestRunner@c430e6c]" started-at="2026-06-07T21:40:48 IST" name="runScenario" description="Runs Cucumber Scenarios" data-provider="scenarios" finished-at="2026-06-07T21:41:13 IST" duration-ms="24933" status="PASS">
          <params>
            <param index="0">
              <value>
                <![CDATA["Verify product is added to cart successfully"]]>
              </value>
            </param>
            <param index="1">
              <value>
                <![CDATA["Cart functionality of SauceDemo Application"]]>
              </value>
            </param>
          </params>
          <reporter-output>
          </reporter-output>
        </test-method> <!-- runScenario -->
        <test-method signature="runScenario(io.cucumber.testng.PickleWrapper,io.cucumber.testng.FeatureWrapper)[pri:0, instance:com.saucedemo.automation.runners.TestRunner@c430e6c]" started-at="2026-06-07T21:41:13 IST" name="runScenario" description="Runs Cucumber Scenarios" data-provider="scenarios" finished-at="2026-06-07T21:41:26 IST" duration-ms="12472" status="PASS">
          <params>
            <param index="0">
              <value>
                <![CDATA["Complete product checkout successfully"]]>
              </value>
            </param>
            <param index="1">
              <value>
                <![CDATA["Checkout functionality of SauceDemo Application"]]>
              </value>
            </param>
          </params>
          <reporter-output>
          </reporter-output>
        </test-method> <!-- runScenario -->
        <test-method signature="runScenario(io.cucumber.testng.PickleWrapper,io.cucumber.testng.FeatureWrapper)[pri:0, instance:com.saucedemo.automation.runners.TestRunner@c430e6c]" started-at="2026-06-07T21:41:26 IST" name="runScenario" description="Runs Cucumber Scenarios" data-provider="scenarios" finished-at="2026-06-07T21:41:34 IST" duration-ms="7946" status="PASS">
          <params>
            <param index="0">
              <value>
                <![CDATA["Verify login is successful for valid users"]]>
              </value>
            </param>
            <param index="1">
              <value>
                <![CDATA["Login Functionality of SauceDemo Application"]]>
              </value>
            </param>
          </params>
          <reporter-output>
          </reporter-output>
        </test-method> <!-- runScenario -->
        <test-method signature="runScenario(io.cucumber.testng.PickleWrapper,io.cucumber.testng.FeatureWrapper)[pri:0, instance:com.saucedemo.automation.runners.TestRunner@c430e6c]" started-at="2026-06-07T21:41:34 IST" name="runScenario" description="Runs Cucumber Scenarios" data-provider="scenarios" finished-at="2026-06-07T21:41:41 IST" duration-ms="6834" status="PASS">
          <params>
            <param index="0">
              <value>
                <![CDATA["Verify login is successful for valid users"]]>
              </value>
            </param>
            <param index="1">
              <value>
                <![CDATA["Login Functionality of SauceDemo Application"]]>
              </value>
            </param>
          </params>
          <reporter-output>
          </reporter-output>
        </test-method> <!-- runScenario -->
        <test-method signature="runScenario(io.cucumber.testng.PickleWrapper,io.cucumber.testng.FeatureWrapper)[pri:0, instance:com.saucedemo.automation.runners.TestRunner@c430e6c]" started-at="2026-06-07T21:41:41 IST" name="runScenario" description="Runs Cucumber Scenarios" data-provider="scenarios" finished-at="2026-06-07T21:41:48 IST" duration-ms="7080" status="PASS">
          <params>
            <param index="0">
              <value>
                <![CDATA["Verify login is successful for valid users"]]>
              </value>
            </param>
            <param index="1">
              <value>
                <![CDATA["Login Functionality of SauceDemo Application"]]>
              </value>
            </param>
          </params>
          <reporter-output>
          </reporter-output>
        </test-method> <!-- runScenario -->
        <test-method signature="runScenario(io.cucumber.testng.PickleWrapper,io.cucumber.testng.FeatureWrapper)[pri:0, instance:com.saucedemo.automation.runners.TestRunner@c430e6c]" started-at="2026-06-07T21:41:48 IST" name="runScenario" description="Runs Cucumber Scenarios" data-provider="scenarios" finished-at="2026-06-07T21:41:55 IST" duration-ms="7783" status="PASS">
          <params>
            <param index="0">
              <value>
                <![CDATA["Verify login is successful for valid users"]]>
              </value>
            </param>
            <param index="1">
              <value>
                <![CDATA["Login Functionality of SauceDemo Application"]]>
              </value>
            </param>
          </params>
          <reporter-output>
          </reporter-output>
        </test-method> <!-- runScenario -->
        <test-method signature="runScenario(io.cucumber.testng.PickleWrapper,io.cucumber.testng.FeatureWrapper)[pri:0, instance:com.saucedemo.automation.runners.TestRunner@c430e6c]" started-at="2026-06-07T21:41:55 IST" name="runScenario" description="Runs Cucumber Scenarios" data-provider="scenarios" finished-at="2026-06-07T21:42:02 IST" duration-ms="6572" status="PASS">
          <params>
            <param index="0">
              <value>
                <![CDATA["Verify locked out user cannot login"]]>
              </value>
            </param>
            <param index="1">
              <value>
                <![CDATA["Login Functionality of SauceDemo Application"]]>
              </value>
            </param>
          </params>
          <reporter-output>
          </reporter-output>
        </test-method> <!-- runScenario -->
        <test-method signature="runScenario(io.cucumber.testng.PickleWrapper,io.cucumber.testng.FeatureWrapper)[pri:0, instance:com.saucedemo.automation.runners.TestRunner@c430e6c]" started-at="2026-06-07T21:42:02 IST" name="runScenario" description="Runs Cucumber Scenarios" data-provider="scenarios" finished-at="2026-06-07T21:42:09 IST" duration-ms="7447" status="PASS">
          <params>
            <param index="0">
              <value>
                <![CDATA["Verify user can logout successfully"]]>
              </value>
            </param>
            <param index="1">
              <value>
                <![CDATA["Logout functionality of SauceDemo Application"]]>
              </value>
            </param>
          </params>
          <reporter-output>
          </reporter-output>
        </test-method> <!-- runScenario -->
        <test-method signature="runScenario(io.cucumber.testng.PickleWrapper,io.cucumber.testng.FeatureWrapper)[pri:0, instance:com.saucedemo.automation.runners.TestRunner@c430e6c]" started-at="2026-06-07T21:42:09 IST" name="runScenario" description="Runs Cucumber Scenarios" data-provider="scenarios" finished-at="2026-06-07T21:42:16 IST" duration-ms="6951" status="PASS">
          <params>
            <param index="0">
              <value>
                <![CDATA["Add products to cart"]]>
              </value>
            </param>
            <param index="1">
              <value>
                <![CDATA["Products functionality of SauceDemo Application"]]>
              </value>
            </param>
          </params>
          <reporter-output>
          </reporter-output>
        </test-method> <!-- runScenario -->
        <test-method signature="runScenario(io.cucumber.testng.PickleWrapper,io.cucumber.testng.FeatureWrapper)[pri:0, instance:com.saucedemo.automation.runners.TestRunner@c430e6c]" started-at="2026-06-07T21:42:16 IST" name="runScenario" description="Runs Cucumber Scenarios" data-provider="scenarios" finished-at="2026-06-07T21:42:23 IST" duration-ms="6451" status="PASS">
          <params>
            <param index="0">
              <value>
                <![CDATA["Add products to cart"]]>
              </value>
            </param>
            <param index="1">
              <value>
                <![CDATA["Products functionality of SauceDemo Application"]]>
              </value>
            </param>
          </params>
          <reporter-output>
          </reporter-output>
        </test-method> <!-- runScenario -->
        <test-method signature="runScenario(io.cucumber.testng.PickleWrapper,io.cucumber.testng.FeatureWrapper)[pri:0, instance:com.saucedemo.automation.runners.TestRunner@c430e6c]" started-at="2026-06-07T21:42:23 IST" name="runScenario" description="Runs Cucumber Scenarios" data-provider="scenarios" finished-at="2026-06-07T21:42:29 IST" duration-ms="6227" status="PASS">
          <params>
            <param index="0">
              <value>
                <![CDATA["Verify product sorting functionality"]]>
              </value>
            </param>
            <param index="1">
              <value>
                <![CDATA["Product Sorting"]]>
              </value>
            </param>
          </params>
          <reporter-output>
          </reporter-output>
        </test-method> <!-- runScenario -->
        <test-method signature="runScenario(io.cucumber.testng.PickleWrapper,io.cucumber.testng.FeatureWrapper)[pri:0, instance:com.saucedemo.automation.runners.TestRunner@c430e6c]" started-at="2026-06-07T21:42:29 IST" name="runScenario" description="Runs Cucumber Scenarios" data-provider="scenarios" finished-at="2026-06-07T21:42:36 IST" duration-ms="6639" status="PASS">
          <params>
            <param index="0">
              <value>
                <![CDATA["Verify product sorting functionality"]]>
              </value>
            </param>
            <param index="1">
              <value>
                <![CDATA["Product Sorting"]]>
              </value>
            </param>
          </params>
          <reporter-output>
          </reporter-output>
        </test-method> <!-- runScenario -->
        <test-method signature="runScenario(io.cucumber.testng.PickleWrapper,io.cucumber.testng.FeatureWrapper)[pri:0, instance:com.saucedemo.automation.runners.TestRunner@c430e6c]" started-at="2026-06-07T21:42:36 IST" name="runScenario" description="Runs Cucumber Scenarios" data-provider="scenarios" finished-at="2026-06-07T21:42:42 IST" duration-ms="6271" status="PASS">
          <params>
            <param index="0">
              <value>
                <![CDATA["Verify product sorting functionality"]]>
              </value>
            </param>
            <param index="1">
              <value>
                <![CDATA["Product Sorting"]]>
              </value>
            </param>
          </params>
          <reporter-output>
          </reporter-output>
        </test-method> <!-- runScenario -->
        <test-method signature="runScenario(io.cucumber.testng.PickleWrapper,io.cucumber.testng.FeatureWrapper)[pri:0, instance:com.saucedemo.automation.runners.TestRunner@c430e6c]" started-at="2026-06-07T21:42:42 IST" name="runScenario" description="Runs Cucumber Scenarios" data-provider="scenarios" finished-at="2026-06-07T21:42:49 IST" duration-ms="7158" status="PASS">
          <params>
            <param index="0">
              <value>
                <![CDATA["Verify product sorting functionality"]]>
              </value>
            </param>
            <param index="1">
              <value>
                <![CDATA["Product Sorting"]]>
              </value>
            </param>
          </params>
          <reporter-output>
          </reporter-output>
        </test-method> <!-- runScenario -->
        <test-method is-config="true" signature="tearDownClass()[pri:0, instance:com.saucedemo.automation.runners.TestRunner@c430e6c]" started-at="2026-06-07T21:42:49 IST" name="tearDownClass" finished-at="2026-06-07T21:42:49 IST" duration-ms="238" status="PASS">
          <reporter-output>
          </reporter-output>
        </test-method> <!-- tearDownClass -->
      </class> <!-- com.saucedemo.automation.runners.TestRunner -->
    </test> <!-- SauceDemo Tests -->
  </suite> <!-- SauceDemo Suite -->
</testng-results>
