<?xml version="1.0" encoding="UTF-8"?>
<!-- Generated by org.testng.reporters.JUnitReportReporter -->
<testsuite hostname="DESKTOP-UMBL4II" failures="0" tests="14" name="com.saucedemo.automation.runners.TestRunner" time="120.764" errors="0" timestamp="2026-06-07T21:42:50 IST" skipped="0">
  <testcase classname="com.saucedemo.automation.runners.TestRunner" name="runScenario" time="7.783"/>
  <testcase classname="com.saucedemo.automation.runners.TestRunner" name="runScenario" time="24.933"/>
  <testcase classname="com.saucedemo.automation.runners.TestRunner" name="runScenario" time="12.472"/>
  <testcase classname="com.saucedemo.automation.runners.TestRunner" name="runScenario" time="6.227"/>
  <testcase classname="com.saucedemo.automation.runners.TestRunner" name="runScenario" time="7.447"/>
  <testcase classname="com.saucedemo.automation.runners.TestRunner" name="runScenario" time="6.639"/>
  <testcase classname="com.saucedemo.automation.runners.TestRunner" name="runScenario" time="6.271"/>
  <testcase classname="com.saucedemo.automation.runners.TestRunner" name="runScenario" time="7.158"/>
  <testcase classname="com.saucedemo.automation.runners.TestRunner" name="runScenario" time="6.451"/>
  <testcase classname="com.saucedemo.automation.runners.TestRunner" name="runScenario" time="6.572"/>
  <testcase classname="com.saucedemo.automation.runners.TestRunner" name="runScenario" time="7.080"/>
  <testcase classname="com.saucedemo.automation.runners.TestRunner" name="runScenario" time="6.834"/>
  <testcase classname="com.saucedemo.automation.runners.TestRunner" name="runScenario" time="6.951"/>
  <testcase classname="com.saucedemo.automation.runners.TestRunner" name="runScenario" time="7.946"/>
</testsuite> <!-- com.saucedemo.automation.runners.TestRunner -->
