<?xml version="1.0" encoding="UTF-8"?>
<!-- Generated by org.testng.reporters.JUnitReportReporter -->
<testsuite hostname="DESKTOP-UMBL4II" failures="0" tests="11" name="com.saucedemo.automation.runners.TestRunner" time="69.856" errors="0" timestamp="2026-06-07T12:42:13 IST" skipped="0">
  <testcase classname="com.saucedemo.automation.runners.TestRunner" name="runScenario" time="5.767"/>
  <testcase classname="com.saucedemo.automation.runners.TestRunner" name="runScenario" time="5.244"/>
  <testcase classname="com.saucedemo.automation.runners.TestRunner" name="runScenario" time="5.230"/>
  <testcase classname="com.saucedemo.automation.runners.TestRunner" name="runScenario" time="5.807"/>
  <testcase classname="com.saucedemo.automation.runners.TestRunner" name="runScenario" time="5.595"/>
  <testcase classname="com.saucedemo.automation.runners.TestRunner" name="runScenario" time="8.006"/>
  <testcase classname="com.saucedemo.automation.runners.TestRunner" name="runScenario" time="5.316"/>
  <testcase classname="com.saucedemo.automation.runners.TestRunner" name="runScenario" time="6.060"/>
  <testcase classname="com.saucedemo.automation.runners.TestRunner" name="runScenario" time="5.781"/>
  <testcase classname="com.saucedemo.automation.runners.TestRunner" name="runScenario" time="6.739"/>
  <testcase classname="com.saucedemo.automation.runners.TestRunner" name="runScenario" time="10.311"/>
</testsuite> <!-- com.saucedemo.automation.runners.TestRunner -->
