<?xml version="1.0" encoding="UTF-8"?>
<!-- Generated by org.testng.reporters.JUnitReportReporter -->
<testsuite hostname="DESKTOP-UMBL4II" failures="0" tests="11" name="com.saucedemo.automation.runners.TestRunner" time="86.041" errors="0" timestamp="2026-06-07T17:41:44 IST" skipped="0">
  <testcase classname="com.saucedemo.automation.runners.TestRunner" name="runScenario" time="6.026"/>
  <testcase classname="com.saucedemo.automation.runners.TestRunner" name="runScenario" time="5.731"/>
  <testcase classname="com.saucedemo.automation.runners.TestRunner" name="runScenario" time="5.248"/>
  <testcase classname="com.saucedemo.automation.runners.TestRunner" name="runScenario" time="5.678"/>
  <testcase classname="com.saucedemo.automation.runners.TestRunner" name="runScenario" time="9.547"/>
  <testcase classname="com.saucedemo.automation.runners.TestRunner" name="runScenario" time="5.721"/>
  <testcase classname="com.saucedemo.automation.runners.TestRunner" name="runScenario" time="5.934"/>
  <testcase classname="com.saucedemo.automation.runners.TestRunner" name="runScenario" time="10.301"/>
  <testcase classname="com.saucedemo.automation.runners.TestRunner" name="runScenario" time="5.512"/>
  <testcase classname="com.saucedemo.automation.runners.TestRunner" name="runScenario" time="4.774"/>
  <testcase classname="com.saucedemo.automation.runners.TestRunner" name="runScenario" time="21.569"/>
</testsuite> <!-- com.saucedemo.automation.runners.TestRunner -->
